<?xml version="1.0" encoding="utf-8"?>
<CoverageSession xmlns:xsd="http://www.w3.org/2001/XMLSchema" xmlns:xsi="http://www.w3.org/2001/XMLSchema-instance" Version="0.0.0.0">
  <Summary numSequencePoints="108" visitedSequencePoints="85" numBranchPoints="0" visitedBranchPoints="0" sequenceCoverage="78.70" branchCoverage="0.0" maxCyclomaticComplexity="0" minCyclomaticComplexity="0" maxCrapScore="0" minCrapScore="0" visitedClasses="4" numClasses="4" visitedMethods="13" numMethods="13" />
  <Modules>
    <Module>
      <Summary numSequencePoints="108" visitedSequencePoints="85" numBranchPoints="0" visitedBranchPoints="0" sequenceCoverage="78.70" branchCoverage="0.0" maxCyclomaticComplexity="0" minCyclomaticComplexity="0" maxCrapScore="0" minCrapScore="0" visitedClasses="4" numClasses="4" visitedMethods="13" numMethods="13" />
      <ModuleTime>0001-01-01T00:00:00</ModuleTime>
      <ModuleName>Test</ModuleName>
      <Files>
        <File uid="1" fullPath="D:/--UnityProject/VR/VRExplorer_subjects/VR-Basics/Assets/_Course Library/Scripts/Core/XRButton.cs" />
        <File uid="2" fullPath="D:/--UnityProject/VR/VRExplorer_subjects/VR-Basics/Assets/_Course Library/Scripts/Core/XRJoystick.cs" />
        <File uid="3" fullPath="D:/--UnityProject/VR/VRExplorer_subjects/VR-Basics/Assets/_Course Library/Scripts/Core/XRKnob.cs" />
        <File uid="4" fullPath="D:/--UnityProject/VR/VRExplorer_subjects/VR-Basics/Assets/_Course Library/Scripts/Core/XRLever.cs" />
        <File uid="5" fullPath="D:/--UnityProject/VR/VRExplorer_subjects/VR-Basics/Assets/_Course Library/Scripts/Core/XRSlider.cs" />
      </Files>
      <Classes>
        <Class>
          <Summary numSequencePoints="25" visitedSequencePoints="21" numBranchPoints="0" visitedBranchPoints="0" sequenceCoverage="84.00" branchCoverage="0.0" maxCyclomaticComplexity="0" minCyclomaticComplexity="0" maxCrapScore="0" minCrapScore="0" visitedClasses="1" numClasses="1" visitedMethods="3" numMethods="3" />
          <FullName>XRButton</FullName>
          <Methods>
            <Method visited="true" cyclomaticComplexity="0" nPathComplexity="0" sequenceCoverage="100.0" branchCoverage="0" crapScore="0" isConstructor="false" isStatic="false" isGetter="false" isSetter="false">
              <Summary numSequencePoints="5" visitedSequencePoints="5" numBranchPoints="0" visitedBranchPoints="0" sequenceCoverage="100.0" branchCoverage="0" maxCyclomaticComplexity="0" minCyclomaticComplexity="0" maxCrapScore="0" minCrapScore="0" visitedClasses="0" numClasses="0" visitedMethods="1" numMethods="1" />
              <MetadataToken>100663302</MetadataToken>
              <Name>System.Void XRButton::OnDisable()</Name>
              <FileRef uid="1" />
              <SequencePoints>
                <SequencePoint vc="4" uspid="22" ordinal="0" offset="0" sl="68" sc="5" el="68" ec="5" bec="0" bev="0" fileid="1" />
                <SequencePoint vc="4" uspid="23" ordinal="0" offset="1" sl="69" sc="9" el="69" ec="9" bec="0" bev="0" fileid="1" />
                <SequencePoint vc="4" uspid="24" ordinal="0" offset="8" sl="70" sc="9" el="70" ec="9" bec="0" bev="0" fileid="1" />
                <SequencePoint vc="4" uspid="25" ordinal="0" offset="32" sl="71" sc="9" el="71" ec="9" bec="0" bev="0" fileid="1" />
                <SequencePoint vc="4" uspid="26" ordinal="0" offset="56" sl="72" sc="5" el="72" ec="5" bec="0" bev="0" fileid="1" />
              </SequencePoints>
              <BranchPoints />
            </Method>
            <Method visited="true" cyclomaticComplexity="0" nPathComplexity="0" sequenceCoverage="60.00" branchCoverage="0" crapScore="0" isConstructor="false" isStatic="false" isGetter="false" isSetter="false">
              <Summary numSequencePoints="10" visitedSequencePoints="6" numBranchPoints="0" visitedBranchPoints="0" sequenceCoverage="60.00" branchCoverage="0" maxCyclomaticComplexity="0" minCyclomaticComplexity="0" maxCrapScore="0" minCrapScore="0" visitedClasses="0" numClasses="0" visitedMethods="1" numMethods="1" />
              <MetadataToken>100663307</MetadataToken>
              <Name>System.Void XRButton::ProcessInteractable(UnityEngine.XR.Interaction.Toolkit.XRInteractionUpdateOrder/UpdatePhase)</Name>
              <FileRef uid="1" />
              <SequencePoints>
                <SequencePoint vc="18112" uspid="45" ordinal="0" offset="0" sl="101" sc="5" el="101" ec="5" bec="0" bev="0" fileid="1" />
                <SequencePoint vc="18112" uspid="46" ordinal="0" offset="1" sl="102" sc="9" el="102" ec="9" bec="0" bev="0" fileid="1" />
                <SequencePoint vc="5060" uspid="47" ordinal="0" offset="9" sl="103" sc="9" el="103" ec="9" bec="0" bev="0" fileid="1" />
                <SequencePoint vc="5060" uspid="48" ordinal="0" offset="10" sl="104" sc="13" el="104" ec="13" bec="0" bev="0" fileid="1" />
                <SequencePoint vc="0" uspid="49" ordinal="0" offset="20" sl="105" sc="13" el="105" ec="13" bec="0" bev="0" fileid="1" />
                <SequencePoint vc="0" uspid="50" ordinal="0" offset="21" sl="106" sc="17" el="106" ec="17" bec="0" bev="0" fileid="1" />
                <SequencePoint vc="0" uspid="51" ordinal="0" offset="28" sl="107" sc="17" el="107" ec="17" bec="0" bev="0" fileid="1" />
                <SequencePoint vc="0" uspid="52" ordinal="0" offset="36" sl="108" sc="13" el="108" ec="13" bec="0" bev="0" fileid="1" />
                <SequencePoint vc="5060" uspid="53" ordinal="0" offset="37" sl="109" sc="9" el="109" ec="9" bec="0" bev="0" fileid="1" />
                <SequencePoint vc="18112" uspid="54" ordinal="0" offset="38" sl="110" sc="5" el="110" ec="5" bec="0" bev="0" fileid="1" />
              </SequencePoints>
              <BranchPoints />
            </Method>
            <Method visited="true" cyclomaticComplexity="0" nPathComplexity="0" sequenceCoverage="100.0" branchCoverage="0" crapScore="0" isConstructor="true" isStatic="false" isGetter="false" isSetter="false">
              <Summary numSequencePoints="10" visitedSequencePoints="10" numBranchPoints="0" visitedBranchPoints="0" sequenceCoverage="100.0" branchCoverage="0" maxCyclomaticComplexity="0" minCyclomaticComplexity="0" maxCrapScore="0" minCrapScore="0" visitedClasses="0" numClasses="0" visitedMethods="1" numMethods="1" />
              <MetadataToken>100663315</MetadataToken>
              <Name>XRButton::XRButton()</Name>
              <FileRef uid="1" />
              <SequencePoints>
                <SequencePoint vc="4" uspid="94" ordinal="0" offset="0" sl="38" sc="5" el="38" ec="5" bec="0" bev="0" fileid="1" />
                <SequencePoint vc="4" uspid="95" ordinal="0" offset="7" sl="41" sc="5" el="41" ec="5" bec="0" bev="0" fileid="1" />
                <SequencePoint vc="4" uspid="96" ordinal="0" offset="18" sl="44" sc="5" el="44" ec="5" bec="0" bev="0" fileid="1" />
                <SequencePoint vc="4" uspid="97" ordinal="0" offset="29" sl="47" sc="5" el="47" ec="5" bec="0" bev="0" fileid="1" />
                <SequencePoint vc="4" uspid="98" ordinal="0" offset="40" sl="49" sc="5" el="49" ec="5" bec="0" bev="0" fileid="1" />
                <SequencePoint vc="4" uspid="99" ordinal="0" offset="51" sl="50" sc="5" el="50" ec="5" bec="0" bev="0" fileid="1" />
                <SequencePoint vc="4" uspid="100" ordinal="0" offset="62" sl="52" sc="5" el="52" ec="5" bec="0" bev="0" fileid="1" />
                <SequencePoint vc="4" uspid="101" ordinal="0" offset="69" sl="54" sc="5" el="54" ec="5" bec="0" bev="0" fileid="1" />
                <SequencePoint vc="4" uspid="102" ordinal="0" offset="80" sl="55" sc="5" el="55" ec="5" bec="0" bev="0" fileid="1" />
                <SequencePoint vc="4" uspid="103" ordinal="0" offset="91" sl="56" sc="5" el="56" ec="5" bec="0" bev="0" fileid="1" />
              </SequencePoints>
              <BranchPoints />
            </Method>
          </Methods>
        </Class>
        <Class>
          <Summary numSequencePoints="33" visitedSequencePoints="24" numBranchPoints="0" visitedBranchPoints="0" sequenceCoverage="72.73" branchCoverage="0.0" maxCyclomaticComplexity="0" minCyclomaticComplexity="0" maxCrapScore="0" minCrapScore="0" visitedClasses="1" numClasses="1" visitedMethods="4" numMethods="4" />
          <FullName>XRJoystick</FullName>
          <Methods>
            <Method visited="true" cyclomaticComplexity="0" nPathComplexity="0" sequenceCoverage="100.0" branchCoverage="0" crapScore="0" isConstructor="false" isStatic="false" isGetter="false" isSetter="false">
              <Summary numSequencePoints="5" visitedSequencePoints="5" numBranchPoints="0" visitedBranchPoints="0" sequenceCoverage="100.0" branchCoverage="0" maxCyclomaticComplexity="0" minCyclomaticComplexity="0" maxCrapScore="0" minCrapScore="0" visitedClasses="0" numClasses="0" visitedMethods="1" numMethods="1" />
              <MetadataToken>100663326</MetadataToken>
              <Name>System.Void XRJoystick::OnEnable()</Name>
              <FileRef uid="2" />
              <SequencePoints>
                <SequencePoint vc="2" uspid="106" ordinal="0" offset="0" sl="77" sc="5" el="77" ec="5" bec="0" bev="0" fileid="2" />
                <SequencePoint vc="2" uspid="107" ordinal="0" offset="1" sl="78" sc="9" el="78" ec="9" bec="0" bev="0" fileid="2" />
                <SequencePoint vc="2" uspid="108" ordinal="0" offset="8" sl="79" sc="9" el="79" ec="9" bec="0" bev="0" fileid="2" />
                <SequencePoint vc="2" uspid="109" ordinal="0" offset="32" sl="80" sc="9" el="80" ec="9" bec="0" bev="0" fileid="2" />
                <SequencePoint vc="2" uspid="110" ordinal="0" offset="56" sl="81" sc="5" el="81" ec="5" bec="0" bev="0" fileid="2" />
              </SequencePoints>
              <BranchPoints />
            </Method>
            <Method visited="true" cyclomaticComplexity="0" nPathComplexity="0" sequenceCoverage="100.0" branchCoverage="0" crapScore="0" isConstructor="false" isStatic="false" isGetter="false" isSetter="false">
              <Summary numSequencePoints="5" visitedSequencePoints="5" numBranchPoints="0" visitedBranchPoints="0" sequenceCoverage="100.0" branchCoverage="0" maxCyclomaticComplexity="0" minCyclomaticComplexity="0" maxCrapScore="0" minCrapScore="0" visitedClasses="0" numClasses="0" visitedMethods="1" numMethods="1" />
              <MetadataToken>100663327</MetadataToken>
              <Name>System.Void XRJoystick::OnDisable()</Name>
              <FileRef uid="2" />
              <SequencePoints>
                <SequencePoint vc="4" uspid="111" ordinal="0" offset="0" sl="84" sc="5" el="84" ec="5" bec="0" bev="0" fileid="2" />
                <SequencePoint vc="4" uspid="112" ordinal="0" offset="1" sl="85" sc="9" el="85" ec="9" bec="0" bev="0" fileid="2" />
                <SequencePoint vc="4" uspid="113" ordinal="0" offset="8" sl="86" sc="9" el="86" ec="9" bec="0" bev="0" fileid="2" />
                <SequencePoint vc="4" uspid="114" ordinal="0" offset="32" sl="87" sc="9" el="87" ec="9" bec="0" bev="0" fileid="2" />
                <SequencePoint vc="4" uspid="115" ordinal="0" offset="56" sl="88" sc="5" el="88" ec="5" bec="0" bev="0" fileid="2" />
              </SequencePoints>
              <BranchPoints />
            </Method>
            <Method visited="true" cyclomaticComplexity="0" nPathComplexity="0" sequenceCoverage="30.77" branchCoverage="0" crapScore="0" isConstructor="false" isStatic="false" isGetter="false" isSetter="false">
              <Summary numSequencePoints="13" visitedSequencePoints="4" numBranchPoints="0" visitedBranchPoints="0" sequenceCoverage="30.77" branchCoverage="0" maxCyclomaticComplexity="0" minCyclomaticComplexity="0" maxCrapScore="0" minCrapScore="0" visitedClasses="0" numClasses="0" visitedMethods="1" numMethods="1" />
              <MetadataToken>100663331</MetadataToken>
              <Name>System.Void XRJoystick::ProcessInteractable(UnityEngine.XR.Interaction.Toolkit.XRInteractionUpdateOrder/UpdatePhase)</Name>
              <FileRef uid="2" />
              <SequencePoints>
                <SequencePoint vc="6822" uspid="129" ordinal="0" offset="0" sl="110" sc="5" el="110" ec="5" bec="0" bev="0" fileid="2" />
                <SequencePoint vc="6822" uspid="130" ordinal="0" offset="1" sl="111" sc="9" el="111" ec="9" bec="0" bev="0" fileid="2" />
                <SequencePoint vc="6822" uspid="131" ordinal="0" offset="9" sl="113" sc="9" el="113" ec="9" bec="0" bev="0" fileid="2" />
                <SequencePoint vc="0" uspid="132" ordinal="0" offset="19" sl="114" sc="9" el="114" ec="9" bec="0" bev="0" fileid="2" />
                <SequencePoint vc="0" uspid="133" ordinal="0" offset="20" sl="115" sc="13" el="115" ec="13" bec="0" bev="0" fileid="2" />
                <SequencePoint vc="0" uspid="134" ordinal="0" offset="28" sl="116" sc="13" el="116" ec="13" bec="0" bev="0" fileid="2" />
                <SequencePoint vc="0" uspid="135" ordinal="0" offset="29" sl="117" sc="17" el="117" ec="17" bec="0" bev="0" fileid="2" />
                <SequencePoint vc="0" uspid="136" ordinal="0" offset="46" sl="118" sc="17" el="118" ec="17" bec="0" bev="0" fileid="2" />
                <SequencePoint vc="0" uspid="137" ordinal="0" offset="54" sl="120" sc="17" el="120" ec="17" bec="0" bev="0" fileid="2" />
                <SequencePoint vc="0" uspid="138" ordinal="0" offset="62" sl="121" sc="17" el="121" ec="17" bec="0" bev="0" fileid="2" />
                <SequencePoint vc="0" uspid="139" ordinal="0" offset="70" sl="122" sc="13" el="122" ec="13" bec="0" bev="0" fileid="2" />
                <SequencePoint vc="0" uspid="140" ordinal="0" offset="71" sl="123" sc="9" el="123" ec="9" bec="0" bev="0" fileid="2" />
                <SequencePoint vc="6822" uspid="141" ordinal="0" offset="72" sl="124" sc="5" el="124" ec="5" bec="0" bev="0" fileid="2" />
              </SequencePoints>
              <BranchPoints />
            </Method>
            <Method visited="true" cyclomaticComplexity="0" nPathComplexity="0" sequenceCoverage="100.0" branchCoverage="0" crapScore="0" isConstructor="true" isStatic="false" isGetter="false" isSetter="false">
              <Summary numSequencePoints="10" visitedSequencePoints="10" numBranchPoints="0" visitedBranchPoints="0" sequenceCoverage="100.0" branchCoverage="0" maxCyclomaticComplexity="0" minCyclomaticComplexity="0" maxCrapScore="0" minCrapScore="0" visitedClasses="0" numClasses="0" visitedMethods="1" numMethods="1" />
              <MetadataToken>100663339</MetadataToken>
              <Name>XRJoystick::XRJoystick()</Name>
              <FileRef uid="2" />
              <SequencePoints>
                <SequencePoint vc="2" uspid="187" ordinal="0" offset="0" sl="49" sc="5" el="49" ec="5" bec="0" bev="0" fileid="2" />
                <SequencePoint vc="2" uspid="188" ordinal="0" offset="11" sl="52" sc="5" el="52" ec="5" bec="0" bev="0" fileid="2" />
                <SequencePoint vc="2" uspid="189" ordinal="0" offset="18" sl="55" sc="5" el="55" ec="5" bec="0" bev="0" fileid="2" />
                <SequencePoint vc="2" uspid="190" ordinal="0" offset="25" sl="60" sc="5" el="60" ec="5" bec="0" bev="0" fileid="2" />
                <SequencePoint vc="2" uspid="191" ordinal="0" offset="36" sl="63" sc="5" el="63" ec="5" bec="0" bev="0" fileid="2" />
                <SequencePoint vc="2" uspid="192" ordinal="0" offset="47" sl="65" sc="50" el="65" ec="50" bec="0" bev="0" fileid="2" />
                <SequencePoint vc="2" uspid="193" ordinal="0" offset="58" sl="69" sc="5" el="69" ec="5" bec="0" bev="0" fileid="2" />
                <SequencePoint vc="2" uspid="194" ordinal="0" offset="65" sl="71" sc="5" el="71" ec="5" bec="0" bev="0" fileid="2" />
                <SequencePoint vc="2" uspid="195" ordinal="0" offset="76" sl="73" sc="5" el="73" ec="5" bec="0" bev="0" fileid="2" />
                <SequencePoint vc="2" uspid="196" ordinal="0" offset="84" sl="74" sc="5" el="74" ec="5" bec="0" bev="0" fileid="2" />
              </SequencePoints>
              <BranchPoints />
            </Method>
          </Methods>
        </Class>
        <Class>
          <Summary numSequencePoints="27" visitedSequencePoints="21" numBranchPoints="0" visitedBranchPoints="0" sequenceCoverage="77.78" branchCoverage="0.0" maxCyclomaticComplexity="0" minCyclomaticComplexity="0" maxCrapScore="0" minCrapScore="0" visitedClasses="1" numClasses="1" visitedMethods="3" numMethods="3" />
          <FullName>XRKnob</FullName>
          <Methods>
            <Method visited="true" cyclomaticComplexity="0" nPathComplexity="0" sequenceCoverage="100.0" branchCoverage="0" crapScore="0" isConstructor="false" isStatic="false" isGetter="false" isSetter="false">
              <Summary numSequencePoints="5" visitedSequencePoints="5" numBranchPoints="0" visitedBranchPoints="0" sequenceCoverage="100.0" branchCoverage="0" maxCyclomaticComplexity="0" minCyclomaticComplexity="0" maxCrapScore="0" minCrapScore="0" visitedClasses="0" numClasses="0" visitedMethods="1" numMethods="1" />
              <MetadataToken>100663354</MetadataToken>
              <Name>System.Void XRKnob::OnDisable()</Name>
              <FileRef uid="3" />
              <SequencePoints>
                <SequencePoint vc="1" uspid="211" ordinal="0" offset="0" sl="80" sc="5" el="80" ec="5" bec="0" bev="0" fileid="3" />
                <SequencePoint vc="1" uspid="212" ordinal="0" offset="1" sl="81" sc="9" el="81" ec="9" bec="0" bev="0" fileid="3" />
                <SequencePoint vc="1" uspid="213" ordinal="0" offset="8" sl="82" sc="9" el="82" ec="9" bec="0" bev="0" fileid="3" />
                <SequencePoint vc="1" uspid="214" ordinal="0" offset="32" sl="83" sc="9" el="83" ec="9" bec="0" bev="0" fileid="3" />
                <SequencePoint vc="1" uspid="215" ordinal="0" offset="56" sl="84" sc="5" el="84" ec="5" bec="0" bev="0" fileid="3" />
              </SequencePoints>
              <BranchPoints />
            </Method>
            <Method visited="true" cyclomaticComplexity="0" nPathComplexity="0" sequenceCoverage="53.85" branchCoverage="0" crapScore="0" isConstructor="false" isStatic="false" isGetter="false" isSetter="false">
              <Summary numSequencePoints="13" visitedSequencePoints="7" numBranchPoints="0" visitedBranchPoints="0" sequenceCoverage="53.85" branchCoverage="0" maxCyclomaticComplexity="0" minCyclomaticComplexity="0" maxCrapScore="0" minCrapScore="0" visitedClasses="0" numClasses="0" visitedMethods="1" numMethods="1" />
              <MetadataToken>100663357</MetadataToken>
              <Name>System.Void XRKnob::ProcessInteractable(UnityEngine.XR.Interaction.Toolkit.XRInteractionUpdateOrder/UpdatePhase)</Name>
              <FileRef uid="3" />
              <SequencePoints>
                <SequencePoint vc="2169" uspid="224" ordinal="0" offset="0" sl="99" sc="5" el="99" ec="5" bec="0" bev="0" fileid="3" />
                <SequencePoint vc="2169" uspid="225" ordinal="0" offset="1" sl="100" sc="9" el="100" ec="9" bec="0" bev="0" fileid="3" />
                <SequencePoint vc="2169" uspid="226" ordinal="0" offset="9" sl="102" sc="9" el="102" ec="9" bec="0" bev="0" fileid="3" />
                <SequencePoint vc="600" uspid="227" ordinal="0" offset="17" sl="103" sc="9" el="103" ec="9" bec="0" bev="0" fileid="3" />
                <SequencePoint vc="600" uspid="228" ordinal="0" offset="18" sl="104" sc="13" el="104" ec="13" bec="0" bev="0" fileid="3" />
                <SequencePoint vc="0" uspid="229" ordinal="0" offset="28" sl="105" sc="13" el="105" ec="13" bec="0" bev="0" fileid="3" />
                <SequencePoint vc="0" uspid="230" ordinal="0" offset="29" sl="106" sc="17" el="106" ec="17" bec="0" bev="0" fileid="3" />
                <SequencePoint vc="0" uspid="231" ordinal="0" offset="42" sl="107" sc="17" el="107" ec="17" bec="0" bev="0" fileid="3" />
                <SequencePoint vc="0" uspid="232" ordinal="0" offset="55" sl="109" sc="17" el="109" ec="17" bec="0" bev="0" fileid="3" />
                <SequencePoint vc="0" uspid="233" ordinal="0" offset="63" sl="110" sc="17" el="110" ec="17" bec="0" bev="0" fileid="3" />
                <SequencePoint vc="0" uspid="234" ordinal="0" offset="85" sl="111" sc="13" el="111" ec="13" bec="0" bev="0" fileid="3" />
                <SequencePoint vc="600" uspid="235" ordinal="0" offset="86" sl="112" sc="9" el="112" ec="9" bec="0" bev="0" fileid="3" />
                <SequencePoint vc="2169" uspid="236" ordinal="0" offset="87" sl="113" sc="5" el="113" ec="5" bec="0" bev="0" fileid="3" />
              </SequencePoints>
              <BranchPoints />
            </Method>
            <Method visited="true" cyclomaticComplexity="0" nPathComplexity="0" sequenceCoverage="100.0" branchCoverage="0" crapScore="0" isConstructor="true" isStatic="false" isGetter="false" isSetter="false">
              <Summary numSequencePoints="9" visitedSequencePoints="9" numBranchPoints="0" visitedBranchPoints="0" sequenceCoverage="100.0" branchCoverage="0" maxCyclomaticComplexity="0" minCyclomaticComplexity="0" maxCrapScore="0" minCrapScore="0" visitedClasses="0" numClasses="0" visitedMethods="1" numMethods="1" />
              <MetadataToken>100663362</MetadataToken>
              <Name>XRKnob::XRKnob()</Name>
              <FileRef uid="3" />
              <SequencePoints>
                <SequencePoint vc="1" uspid="259" ordinal="0" offset="0" sl="43" sc="5" el="43" ec="5" bec="0" bev="0" fileid="3" />
                <SequencePoint vc="1" uspid="260" ordinal="0" offset="7" sl="46" sc="22" el="46" ec="22" bec="0" bev="0" fileid="3" />
                <SequencePoint vc="1" uspid="261" ordinal="0" offset="18" sl="49" sc="21" el="49" ec="21" bec="0" bev="0" fileid="3" />
                <SequencePoint vc="1" uspid="262" ordinal="0" offset="29" sl="52" sc="19" el="52" ec="19" bec="0" bev="0" fileid="3" />
                <SequencePoint vc="1" uspid="263" ordinal="0" offset="40" sl="57" sc="5" el="57" ec="5" bec="0" bev="0" fileid="3" />
                <SequencePoint vc="1" uspid="264" ordinal="0" offset="51" sl="59" sc="48" el="59" ec="48" bec="0" bev="0" fileid="3" />
                <SequencePoint vc="1" uspid="265" ordinal="0" offset="62" sl="60" sc="48" el="60" ec="48" bec="0" bev="0" fileid="3" />
                <SequencePoint vc="1" uspid="266" ordinal="0" offset="73" sl="62" sc="5" el="62" ec="5" bec="0" bev="0" fileid="3" />
                <SequencePoint vc="1" uspid="267" ordinal="0" offset="80" sl="63" sc="5" el="63" ec="5" bec="0" bev="0" fileid="3" />
              </SequencePoints>
              <BranchPoints />
            </Method>
          </Methods>
        </Class>
        <Class>
          <Summary numSequencePoints="23" visitedSequencePoints="19" numBranchPoints="0" visitedBranchPoints="0" sequenceCoverage="82.61" branchCoverage="0.0" maxCyclomaticComplexity="0" minCyclomaticComplexity="0" maxCrapScore="0" minCrapScore="0" visitedClasses="1" numClasses="1" visitedMethods="3" numMethods="3" />
          <FullName>XRLever</FullName>
          <Methods>
            <Method visited="true" cyclomaticComplexity="0" nPathComplexity="0" sequenceCoverage="100.0" branchCoverage="0" crapScore="0" isConstructor="false" isStatic="false" isGetter="false" isSetter="false">
              <Summary numSequencePoints="6" visitedSequencePoints="6" numBranchPoints="0" visitedBranchPoints="0" sequenceCoverage="100.0" branchCoverage="0" maxCyclomaticComplexity="0" minCyclomaticComplexity="0" maxCrapScore="0" minCrapScore="0" visitedClasses="0" numClasses="0" visitedMethods="1" numMethods="1" />
              <MetadataToken>100663372</MetadataToken>
              <Name>System.Void XRLever::OnDisable()</Name>
              <FileRef uid="4" />
              <SequencePoints>
                <SequencePoint vc="1" uspid="280" ordinal="0" offset="0" sl="61" sc="5" el="61" ec="5" bec="0" bev="0" fileid="4" />
                <SequencePoint vc="1" uspid="281" ordinal="0" offset="1" sl="62" sc="9" el="62" ec="9" bec="0" bev="0" fileid="4" />
                <SequencePoint vc="1" uspid="282" ordinal="0" offset="8" sl="63" sc="9" el="63" ec="9" bec="0" bev="0" fileid="4" />
                <SequencePoint vc="1" uspid="283" ordinal="0" offset="32" sl="64" sc="9" el="64" ec="9" bec="0" bev="0" fileid="4" />
                <SequencePoint vc="1" uspid="284" ordinal="0" offset="56" sl="65" sc="9" el="65" ec="9" bec="0" bev="0" fileid="4" />
                <SequencePoint vc="1" uspid="285" ordinal="0" offset="80" sl="66" sc="5" el="66" ec="5" bec="0" bev="0" fileid="4" />
              </SequencePoints>
              <BranchPoints />
            </Method>
            <Method visited="true" cyclomaticComplexity="0" nPathComplexity="0" sequenceCoverage="63.64" branchCoverage="0" crapScore="0" isConstructor="false" isStatic="false" isGetter="false" isSetter="false">
              <Summary numSequencePoints="11" visitedSequencePoints="7" numBranchPoints="0" visitedBranchPoints="0" sequenceCoverage="63.64" branchCoverage="0" maxCyclomaticComplexity="0" minCyclomaticComplexity="0" maxCrapScore="0" minCrapScore="0" visitedClasses="0" numClasses="0" visitedMethods="1" numMethods="1" />
              <MetadataToken>100663375</MetadataToken>
              <Name>System.Void XRLever::ProcessInteractable(UnityEngine.XR.Interaction.Toolkit.XRInteractionUpdateOrder/UpdatePhase)</Name>
              <FileRef uid="4" />
              <SequencePoints>
                <SequencePoint vc="2169" uspid="292" ordinal="0" offset="0" sl="79" sc="5" el="79" ec="5" bec="0" bev="0" fileid="4" />
                <SequencePoint vc="2169" uspid="293" ordinal="0" offset="1" sl="80" sc="9" el="80" ec="9" bec="0" bev="0" fileid="4" />
                <SequencePoint vc="2169" uspid="294" ordinal="0" offset="9" sl="82" sc="9" el="82" ec="9" bec="0" bev="0" fileid="4" />
                <SequencePoint vc="600" uspid="295" ordinal="0" offset="17" sl="83" sc="9" el="83" ec="9" bec="0" bev="0" fileid="4" />
                <SequencePoint vc="600" uspid="296" ordinal="0" offset="18" sl="84" sc="13" el="84" ec="13" bec="0" bev="0" fileid="4" />
                <SequencePoint vc="0" uspid="297" ordinal="0" offset="28" sl="85" sc="13" el="85" ec="13" bec="0" bev="0" fileid="4" />
                <SequencePoint vc="0" uspid="298" ordinal="0" offset="29" sl="86" sc="17" el="86" ec="17" bec="0" bev="0" fileid="4" />
                <SequencePoint vc="0" uspid="299" ordinal="0" offset="36" sl="87" sc="17" el="87" ec="17" bec="0" bev="0" fileid="4" />
                <SequencePoint vc="0" uspid="300" ordinal="0" offset="60" sl="88" sc="13" el="88" ec="13" bec="0" bev="0" fileid="4" />
                <SequencePoint vc="600" uspid="301" ordinal="0" offset="61" sl="89" sc="9" el="89" ec="9" bec="0" bev="0" fileid="4" />
                <SequencePoint vc="2169" uspid="302" ordinal="0" offset="62" sl="90" sc="5" el="90" ec="5" bec="0" bev="0" fileid="4" />
              </SequencePoints>
              <BranchPoints />
            </Method>
            <Method visited="true" cyclomaticComplexity="0" nPathComplexity="0" sequenceCoverage="100.0" branchCoverage="0" crapScore="0" isConstructor="true" isStatic="false" isGetter="false" isSetter="false">
              <Summary numSequencePoints="6" visitedSequencePoints="6" numBranchPoints="0" visitedBranchPoints="0" sequenceCoverage="100.0" branchCoverage="0" maxCyclomaticComplexity="0" minCyclomaticComplexity="0" maxCrapScore="0" minCrapScore="0" visitedClasses="0" numClasses="0" visitedMethods="1" numMethods="1" />
              <MetadataToken>100663381</MetadataToken>
              <Name>XRLever::XRLever()</Name>
              <FileRef uid="4" />
              <SequencePoints>
                <SequencePoint vc="1" uspid="333" ordinal="0" offset="0" sl="31" sc="5" el="31" ec="5" bec="0" bev="0" fileid="4" />
                <SequencePoint vc="1" uspid="334" ordinal="0" offset="7" sl="34" sc="5" el="34" ec="5" bec="0" bev="0" fileid="4" />
                <SequencePoint vc="1" uspid="335" ordinal="0" offset="14" sl="37" sc="5" el="37" ec="5" bec="0" bev="0" fileid="4" />
                <SequencePoint vc="1" uspid="336" ordinal="0" offset="25" sl="40" sc="5" el="40" ec="5" bec="0" bev="0" fileid="4" />
                <SequencePoint vc="1" uspid="337" ordinal="0" offset="36" sl="42" sc="47" el="42" ec="47" bec="0" bev="0" fileid="4" />
                <SequencePoint vc="1" uspid="338" ordinal="0" offset="43" sl="44" sc="5" el="44" ec="5" bec="0" bev="0" fileid="4" />
              </SequencePoints>
              <BranchPoints />
            </Method>
          </Methods>
        </Class>
      </Classes>
    </Module>
  </Modules>
</CoverageSession>