<?xml version="1.0" encoding="utf-8"?>
<CoverageSession xmlns:xsd="http://www.w3.org/2001/XMLSchema" xmlns:xsi="http://www.w3.org/2001/XMLSchema-instance" Version="0.0.0.0">
  <Summary numSequencePoints="305" visitedSequencePoints="257" numBranchPoints="0" visitedBranchPoints="0" sequenceCoverage="84.26" branchCoverage="0.0" maxCyclomaticComplexity="0" minCyclomaticComplexity="0" maxCrapScore="0" minCrapScore="0" visitedClasses="4" numClasses="4" visitedMethods="52" numMethods="52" />
  <Modules>
    <Module>
      <Summary numSequencePoints="305" visitedSequencePoints="257" numBranchPoints="0" visitedBranchPoints="0" sequenceCoverage="84.26" branchCoverage="0.0" maxCyclomaticComplexity="0" minCyclomaticComplexity="0" maxCrapScore="0" minCrapScore="0" visitedClasses="4" numClasses="4" visitedMethods="52" numMethods="52" />
      <ModuleTime>0001-01-01T00:00:00</ModuleTime>
      <ModuleName>Test</ModuleName>
      <Files>
        <File uid="1" fullPath="D:/--UnityProject/VR/VRExplorer_subjects/VR-Basics/Assets/_Course Library/Scripts/Core/XRButton.cs" />
        <File uid="2" fullPath="D:/--UnityProject/VR/VRExplorer_subjects/VR-Basics/Assets/_Course Library/Scripts/Core/XRJoystick.cs" />
        <File uid="3" fullPath="D:/--UnityProject/VR/VRExplorer_subjects/VR-Basics/Assets/_Course Library/Scripts/Core/XRKnob.cs" />
        <File uid="4" fullPath="D:/--UnityProject/VR/VRExplorer_subjects/VR-Basics/Assets/_Course Library/Scripts/Core/XRLever.cs" />
      </Files>
      <Classes>
        <Class>
          <Summary numSequencePoints="79" visitedSequencePoints="65" numBranchPoints="0" visitedBranchPoints="0" sequenceCoverage="82.28" branchCoverage="0.0" maxCyclomaticComplexity="0" minCyclomaticComplexity="0" maxCrapScore="0" minCrapScore="0" visitedClasses="1" numClasses="1" visitedMethods="13" numMethods="13" />
          <FullName>XRButton</FullName>
          <Methods>
            <Method visited="true" cyclomaticComplexity="0" nPathComplexity="0" sequenceCoverage="100.0" branchCoverage="0" crapScore="0" isConstructor="false" isStatic="false" isGetter="false" isSetter="false">
              <Summary numSequencePoints="5" visitedSequencePoints="5" numBranchPoints="0" visitedBranchPoints="0" sequenceCoverage="100.0" branchCoverage="0" maxCyclomaticComplexity="0" minCyclomaticComplexity="0" maxCrapScore="0" minCrapScore="0" visitedClasses="0" numClasses="0" visitedMethods="1" numMethods="1" />
              <MetadataToken>100663301</MetadataToken>
              <Name>System.Void XRButton::OnEnable()</Name>
              <FileRef uid="1" />
              <SequencePoints>
                <SequencePoint vc="4" uspid="705" ordinal="0" offset="0" sl="77" sc="5" el="77" ec="5" bec="0" bev="0" fileid="1" />
                <SequencePoint vc="4" uspid="706" ordinal="0" offset="1" sl="78" sc="9" el="78" ec="9" bec="0" bev="0" fileid="1" />
                <SequencePoint vc="4" uspid="707" ordinal="0" offset="8" sl="79" sc="9" el="79" ec="9" bec="0" bev="0" fileid="1" />
                <SequencePoint vc="4" uspid="708" ordinal="0" offset="32" sl="80" sc="9" el="80" ec="9" bec="0" bev="0" fileid="1" />
                <SequencePoint vc="4" uspid="709" ordinal="0" offset="56" sl="81" sc="5" el="81" ec="5" bec="0" bev="0" fileid="1" />
              </SequencePoints>
              <BranchPoints />
            </Method>
            <Method visited="true" cyclomaticComplexity="0" nPathComplexity="0" sequenceCoverage="100.0" branchCoverage="0" crapScore="0" isConstructor="false" isStatic="false" isGetter="false" isSetter="false">
              <Summary numSequencePoints="5" visitedSequencePoints="5" numBranchPoints="0" visitedBranchPoints="0" sequenceCoverage="100.0" branchCoverage="0" maxCyclomaticComplexity="0" minCyclomaticComplexity="0" maxCrapScore="0" minCrapScore="0" visitedClasses="0" numClasses="0" visitedMethods="1" numMethods="1" />
              <MetadataToken>100663303</MetadataToken>
              <Name>System.Void XRButton::StartPress(UnityEngine.XR.Interaction.Toolkit.HoverEnterEventArgs)</Name>
              <FileRef uid="1" />
              <SequencePoints>
                <SequencePoint vc="3" uspid="715" ordinal="0" offset="0" sl="91" sc="5" el="91" ec="5" bec="0" bev="0" fileid="1" />
                <SequencePoint vc="3" uspid="716" ordinal="0" offset="1" sl="92" sc="9" el="92" ec="9" bec="0" bev="0" fileid="1" />
                <SequencePoint vc="3" uspid="717" ordinal="0" offset="13" sl="93" sc="9" el="93" ec="9" bec="0" bev="0" fileid="1" />
                <SequencePoint vc="3" uspid="718" ordinal="0" offset="41" sl="94" sc="9" el="94" ec="9" bec="0" bev="0" fileid="1" />
                <SequencePoint vc="3" uspid="719" ordinal="0" offset="63" sl="95" sc="5" el="95" ec="5" bec="0" bev="0" fileid="1" />
              </SequencePoints>
              <BranchPoints />
            </Method>
            <Method visited="true" cyclomaticComplexity="0" nPathComplexity="0" sequenceCoverage="100.0" branchCoverage="0" crapScore="0" isConstructor="false" isStatic="false" isGetter="false" isSetter="false">
              <Summary numSequencePoints="6" visitedSequencePoints="6" numBranchPoints="0" visitedBranchPoints="0" sequenceCoverage="100.0" branchCoverage="0" maxCyclomaticComplexity="0" minCyclomaticComplexity="0" maxCrapScore="0" minCrapScore="0" visitedClasses="0" numClasses="0" visitedMethods="1" numMethods="1" />
              <MetadataToken>100663304</MetadataToken>
              <Name>System.Void XRButton::EndPress(UnityEngine.XR.Interaction.Toolkit.HoverExitEventArgs)</Name>
              <FileRef uid="1" />
              <SequencePoints>
                <SequencePoint vc="3" uspid="720" ordinal="0" offset="0" sl="98" sc="5" el="98" ec="5" bec="0" bev="0" fileid="1" />
                <SequencePoint vc="3" uspid="721" ordinal="0" offset="1" sl="99" sc="9" el="99" ec="9" bec="0" bev="0" fileid="1" />
                <SequencePoint vc="3" uspid="722" ordinal="0" offset="8" sl="100" sc="9" el="100" ec="9" bec="0" bev="0" fileid="1" />
                <SequencePoint vc="3" uspid="723" ordinal="0" offset="19" sl="101" sc="9" el="101" ec="9" bec="0" bev="0" fileid="1" />
                <SequencePoint vc="3" uspid="724" ordinal="0" offset="30" sl="102" sc="9" el="102" ec="9" bec="0" bev="0" fileid="1" />
                <SequencePoint vc="3" uspid="725" ordinal="0" offset="43" sl="103" sc="5" el="103" ec="5" bec="0" bev="0" fileid="1" />
              </SequencePoints>
              <BranchPoints />
            </Method>
            <Method visited="true" cyclomaticComplexity="0" nPathComplexity="0" sequenceCoverage="100.0" branchCoverage="0" crapScore="0" isConstructor="false" isStatic="false" isGetter="false" isSetter="false">
              <Summary numSequencePoints="3" visitedSequencePoints="3" numBranchPoints="0" visitedBranchPoints="0" sequenceCoverage="100.0" branchCoverage="0" maxCyclomaticComplexity="0" minCyclomaticComplexity="0" maxCrapScore="0" minCrapScore="0" visitedClasses="0" numClasses="0" visitedMethods="1" numMethods="1" />
              <MetadataToken>100663305</MetadataToken>
              <Name>System.Void XRButton::Start()</Name>
              <FileRef uid="1" />
              <SequencePoints>
                <SequencePoint vc="4" uspid="726" ordinal="0" offset="0" sl="106" sc="5" el="106" ec="5" bec="0" bev="0" fileid="1" />
                <SequencePoint vc="4" uspid="727" ordinal="0" offset="1" sl="107" sc="9" el="107" ec="9" bec="0" bev="0" fileid="1" />
                <SequencePoint vc="4" uspid="728" ordinal="0" offset="8" sl="108" sc="5" el="108" ec="5" bec="0" bev="0" fileid="1" />
              </SequencePoints>
              <BranchPoints />
            </Method>
            <Method visited="true" cyclomaticComplexity="0" nPathComplexity="0" sequenceCoverage="100.0" branchCoverage="0" crapScore="0" isConstructor="false" isStatic="false" isGetter="false" isSetter="false">
              <Summary numSequencePoints="4" visitedSequencePoints="4" numBranchPoints="0" visitedBranchPoints="0" sequenceCoverage="100.0" branchCoverage="0" maxCyclomaticComplexity="0" minCyclomaticComplexity="0" maxCrapScore="0" minCrapScore="0" visitedClasses="0" numClasses="0" visitedMethods="1" numMethods="1" />
              <MetadataToken>100663306</MetadataToken>
              <Name>System.Void XRButton::SetMinMax()</Name>
              <FileRef uid="1" />
              <SequencePoints>
                <SequencePoint vc="4" uspid="729" ordinal="0" offset="0" sl="111" sc="5" el="111" ec="5" bec="0" bev="0" fileid="1" />
                <SequencePoint vc="4" uspid="730" ordinal="0" offset="1" sl="112" sc="9" el="112" ec="9" bec="0" bev="0" fileid="1" />
                <SequencePoint vc="4" uspid="731" ordinal="0" offset="30" sl="113" sc="9" el="113" ec="9" bec="0" bev="0" fileid="1" />
                <SequencePoint vc="4" uspid="732" ordinal="0" offset="52" sl="114" sc="5" el="114" ec="5" bec="0" bev="0" fileid="1" />
              </SequencePoints>
              <BranchPoints />
            </Method>
            <Method visited="true" cyclomaticComplexity="0" nPathComplexity="0" sequenceCoverage="60.00" branchCoverage="0" crapScore="0" isConstructor="false" isStatic="false" isGetter="false" isSetter="false">
              <Summary numSequencePoints="10" visitedSequencePoints="6" numBranchPoints="0" visitedBranchPoints="0" sequenceCoverage="60.00" branchCoverage="0" maxCyclomaticComplexity="0" minCyclomaticComplexity="0" maxCrapScore="0" minCrapScore="0" visitedClasses="0" numClasses="0" visitedMethods="1" numMethods="1" />
              <MetadataToken>100663307</MetadataToken>
              <Name>System.Void XRButton::ProcessInteractable(UnityEngine.XR.Interaction.Toolkit.XRInteractionUpdateOrder/UpdatePhase)</Name>
              <FileRef uid="1" />
              <SequencePoints>
                <SequencePoint vc="49068" uspid="733" ordinal="0" offset="0" sl="117" sc="5" el="117" ec="5" bec="0" bev="0" fileid="1" />
                <SequencePoint vc="49068" uspid="734" ordinal="0" offset="1" sl="118" sc="9" el="118" ec="9" bec="0" bev="0" fileid="1" />
                <SequencePoint vc="14224" uspid="735" ordinal="0" offset="9" sl="119" sc="9" el="119" ec="9" bec="0" bev="0" fileid="1" />
                <SequencePoint vc="14224" uspid="736" ordinal="0" offset="10" sl="120" sc="13" el="120" ec="13" bec="0" bev="0" fileid="1" />
                <SequencePoint vc="0" uspid="737" ordinal="0" offset="20" sl="121" sc="13" el="121" ec="13" bec="0" bev="0" fileid="1" />
                <SequencePoint vc="0" uspid="738" ordinal="0" offset="21" sl="122" sc="17" el="122" ec="17" bec="0" bev="0" fileid="1" />
                <SequencePoint vc="0" uspid="739" ordinal="0" offset="28" sl="123" sc="17" el="123" ec="17" bec="0" bev="0" fileid="1" />
                <SequencePoint vc="0" uspid="740" ordinal="0" offset="36" sl="124" sc="13" el="124" ec="13" bec="0" bev="0" fileid="1" />
                <SequencePoint vc="14224" uspid="741" ordinal="0" offset="37" sl="125" sc="9" el="125" ec="9" bec="0" bev="0" fileid="1" />
                <SequencePoint vc="49068" uspid="742" ordinal="0" offset="38" sl="126" sc="5" el="126" ec="5" bec="0" bev="0" fileid="1" />
              </SequencePoints>
              <BranchPoints />
            </Method>
            <Method visited="true" cyclomaticComplexity="0" nPathComplexity="0" sequenceCoverage="100.0" branchCoverage="0" crapScore="0" isConstructor="false" isStatic="false" isGetter="false" isSetter="false">
              <Summary numSequencePoints="5" visitedSequencePoints="5" numBranchPoints="0" visitedBranchPoints="0" sequenceCoverage="100.0" branchCoverage="0" maxCyclomaticComplexity="0" minCyclomaticComplexity="0" maxCrapScore="0" minCrapScore="0" visitedClasses="0" numClasses="0" visitedMethods="1" numMethods="1" />
              <MetadataToken>100663308</MetadataToken>
              <Name>System.Single XRButton::FindButtonHeight()</Name>
              <FileRef uid="1" />
              <SequencePoints>
                <SequencePoint vc="3" uspid="743" ordinal="0" offset="0" sl="129" sc="5" el="129" ec="5" bec="0" bev="0" fileid="1" />
                <SequencePoint vc="3" uspid="744" ordinal="0" offset="1" sl="130" sc="9" el="130" ec="9" bec="0" bev="0" fileid="1" />
                <SequencePoint vc="3" uspid="745" ordinal="0" offset="24" sl="131" sc="9" el="131" ec="9" bec="0" bev="0" fileid="1" />
                <SequencePoint vc="3" uspid="746" ordinal="0" offset="33" sl="132" sc="9" el="132" ec="9" bec="0" bev="0" fileid="1" />
                <SequencePoint vc="3" uspid="747" ordinal="0" offset="44" sl="133" sc="5" el="133" ec="5" bec="0" bev="0" fileid="1" />
              </SequencePoints>
              <BranchPoints />
            </Method>
            <Method visited="true" cyclomaticComplexity="0" nPathComplexity="0" sequenceCoverage="100.0" branchCoverage="0" crapScore="0" isConstructor="false" isStatic="false" isGetter="false" isSetter="false">
              <Summary numSequencePoints="4" visitedSequencePoints="4" numBranchPoints="0" visitedBranchPoints="0" sequenceCoverage="100.0" branchCoverage="0" maxCyclomaticComplexity="0" minCyclomaticComplexity="0" maxCrapScore="0" minCrapScore="0" visitedClasses="0" numClasses="0" visitedMethods="1" numMethods="1" />
              <MetadataToken>100663309</MetadataToken>
              <Name>System.Single XRButton::GetLocalYPosition(UnityEngine.Vector3)</Name>
              <FileRef uid="1" />
              <SequencePoints>
                <SequencePoint vc="6" uspid="748" ordinal="0" offset="0" sl="136" sc="5" el="136" ec="5" bec="0" bev="0" fileid="1" />
                <SequencePoint vc="6" uspid="749" ordinal="0" offset="1" sl="137" sc="9" el="137" ec="9" bec="0" bev="0" fileid="1" />
                <SequencePoint vc="6" uspid="750" ordinal="0" offset="14" sl="138" sc="9" el="138" ec="9" bec="0" bev="0" fileid="1" />
                <SequencePoint vc="6" uspid="751" ordinal="0" offset="23" sl="139" sc="5" el="139" ec="5" bec="0" bev="0" fileid="1" />
              </SequencePoints>
              <BranchPoints />
            </Method>
            <Method visited="true" cyclomaticComplexity="0" nPathComplexity="0" sequenceCoverage="100.0" branchCoverage="0" crapScore="0" isConstructor="false" isStatic="false" isGetter="false" isSetter="false">
              <Summary numSequencePoints="4" visitedSequencePoints="4" numBranchPoints="0" visitedBranchPoints="0" sequenceCoverage="100.0" branchCoverage="0" maxCyclomaticComplexity="0" minCyclomaticComplexity="0" maxCrapScore="0" minCrapScore="0" visitedClasses="0" numClasses="0" visitedMethods="1" numMethods="1" />
              <MetadataToken>100663310</MetadataToken>
              <Name>System.Void XRButton::ApplyHeight(System.Single)</Name>
              <FileRef uid="1" />
              <SequencePoints>
                <SequencePoint vc="6" uspid="752" ordinal="0" offset="0" sl="142" sc="5" el="142" ec="5" bec="0" bev="0" fileid="1" />
                <SequencePoint vc="6" uspid="753" ordinal="0" offset="1" sl="143" sc="9" el="143" ec="9" bec="0" bev="0" fileid="1" />
                <SequencePoint vc="6" uspid="754" ordinal="0" offset="9" sl="144" sc="9" el="144" ec="9" bec="0" bev="0" fileid="1" />
                <SequencePoint vc="6" uspid="755" ordinal="0" offset="16" sl="145" sc="5" el="145" ec="5" bec="0" bev="0" fileid="1" />
              </SequencePoints>
              <BranchPoints />
            </Method>
            <Method visited="true" cyclomaticComplexity="0" nPathComplexity="0" sequenceCoverage="100.0" branchCoverage="0" crapScore="0" isConstructor="false" isStatic="false" isGetter="false" isSetter="false">
              <Summary numSequencePoints="5" visitedSequencePoints="5" numBranchPoints="0" visitedBranchPoints="0" sequenceCoverage="100.0" branchCoverage="0" maxCyclomaticComplexity="0" minCyclomaticComplexity="0" maxCrapScore="0" minCrapScore="0" visitedClasses="0" numClasses="0" visitedMethods="1" numMethods="1" />
              <MetadataToken>100663311</MetadataToken>
              <Name>System.Void XRButton::SetButtonPosition(System.Single)</Name>
              <FileRef uid="1" />
              <SequencePoints>
                <SequencePoint vc="6" uspid="756" ordinal="0" offset="0" sl="148" sc="5" el="148" ec="5" bec="0" bev="0" fileid="1" />
                <SequencePoint vc="6" uspid="757" ordinal="0" offset="1" sl="149" sc="9" el="149" ec="9" bec="0" bev="0" fileid="1" />
                <SequencePoint vc="6" uspid="758" ordinal="0" offset="13" sl="150" sc="9" el="150" ec="9" bec="0" bev="0" fileid="1" />
                <SequencePoint vc="6" uspid="759" ordinal="0" offset="38" sl="151" sc="9" el="151" ec="9" bec="0" bev="0" fileid="1" />
                <SequencePoint vc="6" uspid="760" ordinal="0" offset="51" sl="152" sc="5" el="152" ec="5" bec="0" bev="0" fileid="1" />
              </SequencePoints>
              <BranchPoints />
            </Method>
            <Method visited="true" cyclomaticComplexity="0" nPathComplexity="0" sequenceCoverage="28.57" branchCoverage="0" crapScore="0" isConstructor="false" isStatic="false" isGetter="false" isSetter="false">
              <Summary numSequencePoints="14" visitedSequencePoints="4" numBranchPoints="0" visitedBranchPoints="0" sequenceCoverage="28.57" branchCoverage="0" maxCyclomaticComplexity="0" minCyclomaticComplexity="0" maxCrapScore="0" minCrapScore="0" visitedClasses="0" numClasses="0" visitedMethods="1" numMethods="1" />
              <MetadataToken>100663312</MetadataToken>
              <Name>System.Void XRButton::CheckPress()</Name>
              <FileRef uid="1" />
              <SequencePoints>
                <SequencePoint vc="6" uspid="761" ordinal="0" offset="0" sl="155" sc="5" el="155" ec="5" bec="0" bev="0" fileid="1" />
                <SequencePoint vc="6" uspid="762" ordinal="0" offset="1" sl="156" sc="9" el="156" ec="9" bec="0" bev="0" fileid="1" />
                <SequencePoint vc="6" uspid="763" ordinal="0" offset="8" sl="158" sc="9" el="158" ec="9" bec="0" bev="0" fileid="1" />
                <SequencePoint vc="0" uspid="764" ordinal="0" offset="24" sl="159" sc="9" el="159" ec="9" bec="0" bev="0" fileid="1" />
                <SequencePoint vc="0" uspid="765" ordinal="0" offset="25" sl="160" sc="13" el="160" ec="13" bec="0" bev="0" fileid="1" />
                <SequencePoint vc="0" uspid="766" ordinal="0" offset="32" sl="162" sc="13" el="162" ec="13" bec="0" bev="0" fileid="1" />
                <SequencePoint vc="0" uspid="767" ordinal="0" offset="37" sl="163" sc="13" el="163" ec="13" bec="0" bev="0" fileid="1" />
                <SequencePoint vc="0" uspid="768" ordinal="0" offset="38" sl="164" sc="17" el="164" ec="17" bec="0" bev="0" fileid="1" />
                <SequencePoint vc="0" uspid="769" ordinal="0" offset="50" sl="165" sc="13" el="165" ec="13" bec="0" bev="0" fileid="1" />
                <SequencePoint vc="0" uspid="770" ordinal="0" offset="53" sl="167" sc="13" el="167" ec="13" bec="0" bev="0" fileid="1" />
                <SequencePoint vc="0" uspid="771" ordinal="0" offset="54" sl="168" sc="17" el="168" ec="17" bec="0" bev="0" fileid="1" />
                <SequencePoint vc="0" uspid="772" ordinal="0" offset="66" sl="169" sc="13" el="169" ec="13" bec="0" bev="0" fileid="1" />
                <SequencePoint vc="0" uspid="773" ordinal="0" offset="67" sl="170" sc="9" el="170" ec="9" bec="0" bev="0" fileid="1" />
                <SequencePoint vc="6" uspid="774" ordinal="0" offset="68" sl="171" sc="5" el="171" ec="5" bec="0" bev="0" fileid="1" />
              </SequencePoints>
              <BranchPoints />
            </Method>
            <Method visited="true" cyclomaticComplexity="0" nPathComplexity="0" sequenceCoverage="100.0" branchCoverage="0" crapScore="0" isConstructor="false" isStatic="false" isGetter="false" isSetter="false">
              <Summary numSequencePoints="4" visitedSequencePoints="4" numBranchPoints="0" visitedBranchPoints="0" sequenceCoverage="100.0" branchCoverage="0" maxCyclomaticComplexity="0" minCyclomaticComplexity="0" maxCrapScore="0" minCrapScore="0" visitedClasses="0" numClasses="0" visitedMethods="1" numMethods="1" />
              <MetadataToken>100663313</MetadataToken>
              <Name>System.Boolean XRButton::InPosition()</Name>
              <FileRef uid="1" />
              <SequencePoints>
                <SequencePoint vc="6" uspid="775" ordinal="0" offset="0" sl="174" sc="5" el="174" ec="5" bec="0" bev="0" fileid="1" />
                <SequencePoint vc="6" uspid="776" ordinal="0" offset="1" sl="175" sc="9" el="175" ec="9" bec="0" bev="0" fileid="1" />
                <SequencePoint vc="6" uspid="777" ordinal="0" offset="21" sl="176" sc="9" el="176" ec="9" bec="0" bev="0" fileid="1" />
                <SequencePoint vc="6" uspid="778" ordinal="0" offset="43" sl="177" sc="5" el="177" ec="5" bec="0" bev="0" fileid="1" />
              </SequencePoints>
              <BranchPoints />
            </Method>
            <Method visited="true" cyclomaticComplexity="0" nPathComplexity="0" sequenceCoverage="100.0" branchCoverage="0" crapScore="0" isConstructor="true" isStatic="false" isGetter="false" isSetter="false">
              <Summary numSequencePoints="10" visitedSequencePoints="10" numBranchPoints="0" visitedBranchPoints="0" sequenceCoverage="100.0" branchCoverage="0" maxCyclomaticComplexity="0" minCyclomaticComplexity="0" maxCrapScore="0" minCrapScore="0" visitedClasses="0" numClasses="0" visitedMethods="1" numMethods="1" />
              <MetadataToken>100663315</MetadataToken>
              <Name>XRButton::XRButton()</Name>
              <FileRef uid="1" />
              <SequencePoints>
                <SequencePoint vc="4" uspid="782" ordinal="0" offset="0" sl="54" sc="5" el="54" ec="5" bec="0" bev="0" fileid="1" />
                <SequencePoint vc="4" uspid="783" ordinal="0" offset="7" sl="57" sc="5" el="57" ec="5" bec="0" bev="0" fileid="1" />
                <SequencePoint vc="4" uspid="784" ordinal="0" offset="18" sl="60" sc="5" el="60" ec="5" bec="0" bev="0" fileid="1" />
                <SequencePoint vc="4" uspid="785" ordinal="0" offset="29" sl="63" sc="5" el="63" ec="5" bec="0" bev="0" fileid="1" />
                <SequencePoint vc="4" uspid="786" ordinal="0" offset="40" sl="65" sc="5" el="65" ec="5" bec="0" bev="0" fileid="1" />
                <SequencePoint vc="4" uspid="787" ordinal="0" offset="51" sl="66" sc="5" el="66" ec="5" bec="0" bev="0" fileid="1" />
                <SequencePoint vc="4" uspid="788" ordinal="0" offset="62" sl="68" sc="5" el="68" ec="5" bec="0" bev="0" fileid="1" />
                <SequencePoint vc="4" uspid="789" ordinal="0" offset="69" sl="70" sc="5" el="70" ec="5" bec="0" bev="0" fileid="1" />
                <SequencePoint vc="4" uspid="790" ordinal="0" offset="80" sl="71" sc="5" el="71" ec="5" bec="0" bev="0" fileid="1" />
                <SequencePoint vc="4" uspid="791" ordinal="0" offset="91" sl="72" sc="5" el="72" ec="5" bec="0" bev="0" fileid="1" />
              </SequencePoints>
              <BranchPoints />
            </Method>
          </Methods>
        </Class>
        <Class>
          <Summary numSequencePoints="118" visitedSequencePoints="97" numBranchPoints="0" visitedBranchPoints="0" sequenceCoverage="82.20" branchCoverage="0.0" maxCyclomaticComplexity="0" minCyclomaticComplexity="0" maxCrapScore="0" minCrapScore="0" visitedClasses="1" numClasses="1" visitedMethods="17" numMethods="17" />
          <FullName>XRJoystick</FullName>
          <Methods>
            <Method visited="true" cyclomaticComplexity="0" nPathComplexity="0" sequenceCoverage="50.00" branchCoverage="0" crapScore="0" isConstructor="false" isStatic="false" isGetter="false" isSetter="false">
              <Summary numSequencePoints="12" visitedSequencePoints="6" numBranchPoints="0" visitedBranchPoints="0" sequenceCoverage="50.00" branchCoverage="0" maxCyclomaticComplexity="0" minCyclomaticComplexity="0" maxCrapScore="0" minCrapScore="0" visitedClasses="0" numClasses="0" visitedMethods="1" numMethods="1" />
              <MetadataToken>100663319</MetadataToken>
              <Name>System.Void XRJoystick::Triggerring()</Name>
              <FileRef uid="2" />
              <SequencePoints>
                <SequencePoint vc="4" uspid="792" ordinal="0" offset="0" sl="17" sc="5" el="17" ec="5" bec="0" bev="0" fileid="2" />
                <SequencePoint vc="4" uspid="793" ordinal="0" offset="1" sl="18" sc="9" el="18" ec="9" bec="0" bev="0" fileid="2" />
                <SequencePoint vc="4" uspid="794" ordinal="0" offset="17" sl="20" sc="9" el="20" ec="9" bec="0" bev="0" fileid="2" />
                <SequencePoint vc="0" uspid="795" ordinal="0" offset="32" sl="21" sc="9" el="21" ec="9" bec="0" bev="0" fileid="2" />
                <SequencePoint vc="0" uspid="796" ordinal="0" offset="33" sl="22" sc="13" el="22" ec="13" bec="0" bev="0" fileid="2" />
                <SequencePoint vc="0" uspid="797" ordinal="0" offset="40" sl="23" sc="9" el="23" ec="9" bec="0" bev="0" fileid="2" />
                <SequencePoint vc="4" uspid="798" ordinal="0" offset="41" sl="24" sc="9" el="24" ec="9" bec="0" bev="0" fileid="2" />
                <SequencePoint vc="0" uspid="799" ordinal="0" offset="59" sl="25" sc="9" el="25" ec="9" bec="0" bev="0" fileid="2" />
                <SequencePoint vc="0" uspid="800" ordinal="0" offset="60" sl="26" sc="13" el="26" ec="13" bec="0" bev="0" fileid="2" />
                <SequencePoint vc="0" uspid="801" ordinal="0" offset="67" sl="27" sc="9" el="27" ec="9" bec="0" bev="0" fileid="2" />
                <SequencePoint vc="4" uspid="802" ordinal="0" offset="68" sl="28" sc="9" el="28" ec="9" bec="0" bev="0" fileid="2" />
                <SequencePoint vc="4" uspid="803" ordinal="0" offset="88" sl="29" sc="5" el="29" ec="5" bec="0" bev="0" fileid="2" />
              </SequencePoints>
              <BranchPoints />
            </Method>
            <Method visited="true" cyclomaticComplexity="0" nPathComplexity="0" sequenceCoverage="66.67" branchCoverage="0" crapScore="0" isConstructor="false" isStatic="false" isGetter="false" isSetter="false">
              <Summary numSequencePoints="18" visitedSequencePoints="12" numBranchPoints="0" visitedBranchPoints="0" sequenceCoverage="66.67" branchCoverage="0" maxCyclomaticComplexity="0" minCyclomaticComplexity="0" maxCrapScore="0" minCrapScore="0" visitedClasses="0" numClasses="0" visitedMethods="1" numMethods="1" />
              <MetadataToken>100663320</MetadataToken>
              <Name>System.Void XRJoystick::Triggerred()</Name>
              <FileRef uid="2" />
              <SequencePoints>
                <SequencePoint vc="3" uspid="804" ordinal="0" offset="0" sl="32" sc="5" el="32" ec="5" bec="0" bev="0" fileid="2" />
                <SequencePoint vc="3" uspid="805" ordinal="0" offset="1" sl="33" sc="9" el="33" ec="9" bec="0" bev="0" fileid="2" />
                <SequencePoint vc="3" uspid="806" ordinal="0" offset="17" sl="35" sc="9" el="35" ec="9" bec="0" bev="0" fileid="2" />
                <SequencePoint vc="0" uspid="807" ordinal="0" offset="34" sl="36" sc="9" el="36" ec="9" bec="0" bev="0" fileid="2" />
                <SequencePoint vc="0" uspid="808" ordinal="0" offset="35" sl="37" sc="13" el="37" ec="13" bec="0" bev="0" fileid="2" />
                <SequencePoint vc="0" uspid="809" ordinal="0" offset="42" sl="38" sc="9" el="38" ec="9" bec="0" bev="0" fileid="2" />
                <SequencePoint vc="3" uspid="810" ordinal="0" offset="43" sl="39" sc="9" el="39" ec="9" bec="0" bev="0" fileid="2" />
                <SequencePoint vc="0" uspid="811" ordinal="0" offset="63" sl="40" sc="9" el="40" ec="9" bec="0" bev="0" fileid="2" />
                <SequencePoint vc="0" uspid="812" ordinal="0" offset="64" sl="41" sc="13" el="41" ec="13" bec="0" bev="0" fileid="2" />
                <SequencePoint vc="0" uspid="813" ordinal="0" offset="71" sl="42" sc="9" el="42" ec="9" bec="0" bev="0" fileid="2" />
                <SequencePoint vc="3" uspid="814" ordinal="0" offset="72" sl="44" sc="9" el="44" ec="9" bec="0" bev="0" fileid="2" />
                <SequencePoint vc="3" uspid="815" ordinal="0" offset="95" sl="45" sc="9" el="45" ec="9" bec="0" bev="0" fileid="2" />
                <SequencePoint vc="3" uspid="816" ordinal="0" offset="118" sl="46" sc="9" el="46" ec="9" bec="0" bev="0" fileid="2" />
                <SequencePoint vc="3" uspid="817" ordinal="0" offset="135" sl="47" sc="9" el="47" ec="9" bec="0" bev="0" fileid="2" />
                <SequencePoint vc="3" uspid="818" ordinal="0" offset="143" sl="48" sc="9" el="48" ec="9" bec="0" bev="0" fileid="2" />
                <SequencePoint vc="3" uspid="819" ordinal="0" offset="151" sl="49" sc="9" el="49" ec="9" bec="0" bev="0" fileid="2" />
                <SequencePoint vc="3" uspid="820" ordinal="0" offset="159" sl="50" sc="9" el="50" ec="9" bec="0" bev="0" fileid="2" />
                <SequencePoint vc="3" uspid="821" ordinal="0" offset="179" sl="52" sc="5" el="52" ec="5" bec="0" bev="0" fileid="2" />
              </SequencePoints>
              <BranchPoints />
            </Method>
            <Method visited="true" cyclomaticComplexity="0" nPathComplexity="0" sequenceCoverage="100.0" branchCoverage="0" crapScore="0" isConstructor="false" isStatic="false" isGetter="true" isSetter="false">
              <Summary numSequencePoints="1" visitedSequencePoints="1" numBranchPoints="0" visitedBranchPoints="0" sequenceCoverage="100.0" branchCoverage="0" maxCyclomaticComplexity="0" minCyclomaticComplexity="0" maxCrapScore="0" minCrapScore="0" visitedClasses="0" numClasses="0" visitedMethods="1" numMethods="1" />
              <MetadataToken>100663324</MetadataToken>
              <Name>UnityEngine.Vector2 XRJoystick::get_Value()</Name>
              <FileRef uid="2" />
              <SequencePoints>
                <SequencePoint vc="12" uspid="822" ordinal="0" offset="0" sl="85" sc="28" el="85" ec="28" bec="0" bev="0" fileid="2" />
              </SequencePoints>
              <BranchPoints />
            </Method>
            <Method visited="true" cyclomaticComplexity="0" nPathComplexity="0" sequenceCoverage="100.0" branchCoverage="0" crapScore="0" isConstructor="false" isStatic="false" isGetter="false" isSetter="true">
              <Summary numSequencePoints="1" visitedSequencePoints="1" numBranchPoints="0" visitedBranchPoints="0" sequenceCoverage="100.0" branchCoverage="0" maxCyclomaticComplexity="0" minCyclomaticComplexity="0" maxCrapScore="0" minCrapScore="0" visitedClasses="0" numClasses="0" visitedMethods="1" numMethods="1" />
              <MetadataToken>100663325</MetadataToken>
              <Name>System.Void XRJoystick::set_Value(UnityEngine.Vector2)</Name>
              <FileRef uid="2" />
              <SequencePoints>
                <SequencePoint vc="6" uspid="823" ordinal="0" offset="0" sl="85" sc="33" el="85" ec="33" bec="0" bev="0" fileid="2" />
              </SequencePoints>
              <BranchPoints />
            </Method>
            <Method visited="true" cyclomaticComplexity="0" nPathComplexity="0" sequenceCoverage="100.0" branchCoverage="0" crapScore="0" isConstructor="false" isStatic="false" isGetter="false" isSetter="false">
              <Summary numSequencePoints="5" visitedSequencePoints="5" numBranchPoints="0" visitedBranchPoints="0" sequenceCoverage="100.0" branchCoverage="0" maxCyclomaticComplexity="0" minCyclomaticComplexity="0" maxCrapScore="0" minCrapScore="0" visitedClasses="0" numClasses="0" visitedMethods="1" numMethods="1" />
              <MetadataToken>100663326</MetadataToken>
              <Name>System.Void XRJoystick::OnEnable()</Name>
              <FileRef uid="2" />
              <SequencePoints>
                <SequencePoint vc="2" uspid="824" ordinal="0" offset="0" sl="97" sc="5" el="97" ec="5" bec="0" bev="0" fileid="2" />
                <SequencePoint vc="2" uspid="825" ordinal="0" offset="1" sl="98" sc="9" el="98" ec="9" bec="0" bev="0" fileid="2" />
                <SequencePoint vc="2" uspid="826" ordinal="0" offset="8" sl="99" sc="9" el="99" ec="9" bec="0" bev="0" fileid="2" />
                <SequencePoint vc="2" uspid="827" ordinal="0" offset="32" sl="100" sc="9" el="100" ec="9" bec="0" bev="0" fileid="2" />
                <SequencePoint vc="2" uspid="828" ordinal="0" offset="56" sl="101" sc="5" el="101" ec="5" bec="0" bev="0" fileid="2" />
              </SequencePoints>
              <BranchPoints />
            </Method>
            <Method visited="true" cyclomaticComplexity="0" nPathComplexity="0" sequenceCoverage="100.0" branchCoverage="0" crapScore="0" isConstructor="false" isStatic="false" isGetter="false" isSetter="false">
              <Summary numSequencePoints="4" visitedSequencePoints="4" numBranchPoints="0" visitedBranchPoints="0" sequenceCoverage="100.0" branchCoverage="0" maxCyclomaticComplexity="0" minCyclomaticComplexity="0" maxCrapScore="0" minCrapScore="0" visitedClasses="0" numClasses="0" visitedMethods="1" numMethods="1" />
              <MetadataToken>100663328</MetadataToken>
              <Name>System.Void XRJoystick::StartGrab(UnityEngine.XR.Interaction.Toolkit.SelectEnterEventArgs)</Name>
              <FileRef uid="2" />
              <SequencePoints>
                <SequencePoint vc="4" uspid="834" ordinal="0" offset="0" sl="111" sc="5" el="111" ec="5" bec="0" bev="0" fileid="2" />
                <SequencePoint vc="4" uspid="835" ordinal="0" offset="1" sl="112" sc="9" el="112" ec="9" bec="0" bev="0" fileid="2" />
                <SequencePoint vc="4" uspid="836" ordinal="0" offset="13" sl="113" sc="9" el="113" ec="9" bec="0" bev="0" fileid="2" />
                <SequencePoint vc="4" uspid="837" ordinal="0" offset="41" sl="114" sc="5" el="114" ec="5" bec="0" bev="0" fileid="2" />
              </SequencePoints>
              <BranchPoints />
            </Method>
            <Method visited="true" cyclomaticComplexity="0" nPathComplexity="0" sequenceCoverage="100.0" branchCoverage="0" crapScore="0" isConstructor="false" isStatic="false" isGetter="false" isSetter="false">
              <Summary numSequencePoints="4" visitedSequencePoints="4" numBranchPoints="0" visitedBranchPoints="0" sequenceCoverage="100.0" branchCoverage="0" maxCyclomaticComplexity="0" minCyclomaticComplexity="0" maxCrapScore="0" minCrapScore="0" visitedClasses="0" numClasses="0" visitedMethods="1" numMethods="1" />
              <MetadataToken>100663329</MetadataToken>
              <Name>System.Void XRJoystick::EndGrab(UnityEngine.XR.Interaction.Toolkit.SelectExitEventArgs)</Name>
              <FileRef uid="2" />
              <SequencePoints>
                <SequencePoint vc="3" uspid="838" ordinal="0" offset="0" sl="117" sc="5" el="117" ec="5" bec="0" bev="0" fileid="2" />
                <SequencePoint vc="3" uspid="839" ordinal="0" offset="1" sl="118" sc="9" el="118" ec="9" bec="0" bev="0" fileid="2" />
                <SequencePoint vc="3" uspid="840" ordinal="0" offset="8" sl="119" sc="9" el="119" ec="9" bec="0" bev="0" fileid="2" />
                <SequencePoint vc="3" uspid="841" ordinal="0" offset="15" sl="120" sc="5" el="120" ec="5" bec="0" bev="0" fileid="2" />
              </SequencePoints>
              <BranchPoints />
            </Method>
            <Method visited="true" cyclomaticComplexity="0" nPathComplexity="0" sequenceCoverage="100.0" branchCoverage="0" crapScore="0" isConstructor="false" isStatic="false" isGetter="false" isSetter="false">
              <Summary numSequencePoints="5" visitedSequencePoints="5" numBranchPoints="0" visitedBranchPoints="0" sequenceCoverage="100.0" branchCoverage="0" maxCyclomaticComplexity="0" minCyclomaticComplexity="0" maxCrapScore="0" minCrapScore="0" visitedClasses="0" numClasses="0" visitedMethods="1" numMethods="1" />
              <MetadataToken>100663330</MetadataToken>
              <Name>System.Void XRJoystick::ResetRotation()</Name>
              <FileRef uid="2" />
              <SequencePoints>
                <SequencePoint vc="3" uspid="842" ordinal="0" offset="0" sl="123" sc="5" el="123" ec="5" bec="0" bev="0" fileid="2" />
                <SequencePoint vc="3" uspid="843" ordinal="0" offset="1" sl="124" sc="9" el="124" ec="9" bec="0" bev="0" fileid="2" />
                <SequencePoint vc="3" uspid="844" ordinal="0" offset="18" sl="125" sc="9" el="125" ec="9" bec="0" bev="0" fileid="2" />
                <SequencePoint vc="3" uspid="845" ordinal="0" offset="29" sl="126" sc="9" el="126" ec="9" bec="0" bev="0" fileid="2" />
                <SequencePoint vc="3" uspid="846" ordinal="0" offset="41" sl="127" sc="5" el="127" ec="5" bec="0" bev="0" fileid="2" />
              </SequencePoints>
              <BranchPoints />
            </Method>
            <Method visited="true" cyclomaticComplexity="0" nPathComplexity="0" sequenceCoverage="30.77" branchCoverage="0" crapScore="0" isConstructor="false" isStatic="false" isGetter="false" isSetter="false">
              <Summary numSequencePoints="13" visitedSequencePoints="4" numBranchPoints="0" visitedBranchPoints="0" sequenceCoverage="30.77" branchCoverage="0" maxCyclomaticComplexity="0" minCyclomaticComplexity="0" maxCrapScore="0" minCrapScore="0" visitedClasses="0" numClasses="0" visitedMethods="1" numMethods="1" />
              <MetadataToken>100663331</MetadataToken>
              <Name>System.Void XRJoystick::ProcessInteractable(UnityEngine.XR.Interaction.Toolkit.XRInteractionUpdateOrder/UpdatePhase)</Name>
              <FileRef uid="2" />
              <SequencePoints>
                <SequencePoint vc="24534" uspid="847" ordinal="0" offset="0" sl="130" sc="5" el="130" ec="5" bec="0" bev="0" fileid="2" />
                <SequencePoint vc="24534" uspid="848" ordinal="0" offset="1" sl="131" sc="9" el="131" ec="9" bec="0" bev="0" fileid="2" />
                <SequencePoint vc="24534" uspid="849" ordinal="0" offset="9" sl="133" sc="9" el="133" ec="9" bec="0" bev="0" fileid="2" />
                <SequencePoint vc="0" uspid="850" ordinal="0" offset="19" sl="134" sc="9" el="134" ec="9" bec="0" bev="0" fileid="2" />
                <SequencePoint vc="0" uspid="851" ordinal="0" offset="20" sl="135" sc="13" el="135" ec="13" bec="0" bev="0" fileid="2" />
                <SequencePoint vc="0" uspid="852" ordinal="0" offset="28" sl="136" sc="13" el="136" ec="13" bec="0" bev="0" fileid="2" />
                <SequencePoint vc="0" uspid="853" ordinal="0" offset="29" sl="137" sc="17" el="137" ec="17" bec="0" bev="0" fileid="2" />
                <SequencePoint vc="0" uspid="854" ordinal="0" offset="46" sl="138" sc="17" el="138" ec="17" bec="0" bev="0" fileid="2" />
                <SequencePoint vc="0" uspid="855" ordinal="0" offset="54" sl="140" sc="17" el="140" ec="17" bec="0" bev="0" fileid="2" />
                <SequencePoint vc="0" uspid="856" ordinal="0" offset="62" sl="141" sc="17" el="141" ec="17" bec="0" bev="0" fileid="2" />
                <SequencePoint vc="0" uspid="857" ordinal="0" offset="70" sl="142" sc="13" el="142" ec="13" bec="0" bev="0" fileid="2" />
                <SequencePoint vc="0" uspid="858" ordinal="0" offset="71" sl="143" sc="9" el="143" ec="9" bec="0" bev="0" fileid="2" />
                <SequencePoint vc="24534" uspid="859" ordinal="0" offset="72" sl="144" sc="5" el="144" ec="5" bec="0" bev="0" fileid="2" />
              </SequencePoints>
              <BranchPoints />
            </Method>
            <Method visited="true" cyclomaticComplexity="0" nPathComplexity="0" sequenceCoverage="100.0" branchCoverage="0" crapScore="0" isConstructor="false" isStatic="false" isGetter="false" isSetter="false">
              <Summary numSequencePoints="17" visitedSequencePoints="17" numBranchPoints="0" visitedBranchPoints="0" sequenceCoverage="100.0" branchCoverage="0" maxCyclomaticComplexity="0" minCyclomaticComplexity="0" maxCrapScore="0" minCrapScore="0" visitedClasses="0" numClasses="0" visitedMethods="1" numMethods="1" />
              <MetadataToken>100663332</MetadataToken>
              <Name>UnityEngine.Vector3 XRJoystick::FindJoystickRotation(UnityEngine.Vector3)</Name>
              <FileRef uid="2" />
              <SequencePoints>
                <SequencePoint vc="3" uspid="860" ordinal="0" offset="0" sl="147" sc="5" el="147" ec="5" bec="0" bev="0" fileid="2" />
                <SequencePoint vc="3" uspid="861" ordinal="0" offset="1" sl="148" sc="9" el="148" ec="9" bec="0" bev="0" fileid="2" />
                <SequencePoint vc="3" uspid="862" ordinal="0" offset="9" sl="149" sc="9" el="149" ec="9" bec="0" bev="0" fileid="2" />
                <SequencePoint vc="3" uspid="863" ordinal="0" offset="22" sl="150" sc="9" el="150" ec="9" bec="0" bev="0" fileid="2" />
                <SequencePoint vc="3" uspid="864" ordinal="0" offset="35" sl="152" sc="9" el="152" ec="9" bec="0" bev="0" fileid="2" />
                <SequencePoint vc="3" uspid="865" ordinal="0" offset="41" sl="154" sc="9" el="154" ec="9" bec="0" bev="0" fileid="2" />
                <SequencePoint vc="3" uspid="866" ordinal="0" offset="66" sl="155" sc="9" el="155" ec="9" bec="0" bev="0" fileid="2" />
                <SequencePoint vc="3" uspid="867" ordinal="0" offset="67" sl="156" sc="13" el="156" ec="13" bec="0" bev="0" fileid="2" />
                <SequencePoint vc="3" uspid="868" ordinal="0" offset="87" sl="157" sc="13" el="157" ec="13" bec="0" bev="0" fileid="2" />
                <SequencePoint vc="3" uspid="869" ordinal="0" offset="96" sl="158" sc="9" el="158" ec="9" bec="0" bev="0" fileid="2" />
                <SequencePoint vc="3" uspid="870" ordinal="0" offset="97" sl="160" sc="9" el="160" ec="9" bec="0" bev="0" fileid="2" />
                <SequencePoint vc="2" uspid="871" ordinal="0" offset="124" sl="161" sc="9" el="161" ec="9" bec="0" bev="0" fileid="2" />
                <SequencePoint vc="2" uspid="872" ordinal="0" offset="125" sl="162" sc="13" el="162" ec="13" bec="0" bev="0" fileid="2" />
                <SequencePoint vc="2" uspid="873" ordinal="0" offset="145" sl="163" sc="13" el="163" ec="13" bec="0" bev="0" fileid="2" />
                <SequencePoint vc="2" uspid="874" ordinal="0" offset="154" sl="164" sc="9" el="164" ec="9" bec="0" bev="0" fileid="2" />
                <SequencePoint vc="3" uspid="875" ordinal="0" offset="155" sl="166" sc="9" el="166" ec="9" bec="0" bev="0" fileid="2" />
                <SequencePoint vc="3" uspid="876" ordinal="0" offset="160" sl="167" sc="5" el="167" ec="5" bec="0" bev="0" fileid="2" />
              </SequencePoints>
              <BranchPoints />
            </Method>
            <Method visited="true" cyclomaticComplexity="0" nPathComplexity="0" sequenceCoverage="100.0" branchCoverage="0" crapScore="0" isConstructor="false" isStatic="false" isGetter="false" isSetter="false">
              <Summary numSequencePoints="3" visitedSequencePoints="3" numBranchPoints="0" visitedBranchPoints="0" sequenceCoverage="100.0" branchCoverage="0" maxCyclomaticComplexity="0" minCyclomaticComplexity="0" maxCrapScore="0" minCrapScore="0" visitedClasses="0" numClasses="0" visitedMethods="1" numMethods="1" />
              <MetadataToken>100663333</MetadataToken>
              <Name>UnityEngine.Vector3 XRJoystick::ConvertToLocal(UnityEngine.Vector3)</Name>
              <FileRef uid="2" />
              <SequencePoints>
                <SequencePoint vc="7" uspid="877" ordinal="0" offset="0" sl="170" sc="5" el="170" ec="5" bec="0" bev="0" fileid="2" />
                <SequencePoint vc="7" uspid="878" ordinal="0" offset="1" sl="171" sc="9" el="171" ec="9" bec="0" bev="0" fileid="2" />
                <SequencePoint vc="7" uspid="879" ordinal="0" offset="16" sl="172" sc="5" el="172" ec="5" bec="0" bev="0" fileid="2" />
              </SequencePoints>
              <BranchPoints />
            </Method>
            <Method visited="true" cyclomaticComplexity="0" nPathComplexity="0" sequenceCoverage="100.0" branchCoverage="0" crapScore="0" isConstructor="false" isStatic="false" isGetter="false" isSetter="false">
              <Summary numSequencePoints="5" visitedSequencePoints="5" numBranchPoints="0" visitedBranchPoints="0" sequenceCoverage="100.0" branchCoverage="0" maxCyclomaticComplexity="0" minCyclomaticComplexity="0" maxCrapScore="0" minCrapScore="0" visitedClasses="0" numClasses="0" visitedMethods="1" numMethods="1" />
              <MetadataToken>100663334</MetadataToken>
              <Name>System.Single XRJoystick::GetRotationDifference(System.Single, System.Single)</Name>
              <FileRef uid="2" />
              <SequencePoints>
                <SequencePoint vc="5" uspid="880" ordinal="0" offset="0" sl="175" sc="5" el="175" ec="5" bec="0" bev="0" fileid="2" />
                <SequencePoint vc="5" uspid="881" ordinal="0" offset="1" sl="176" sc="9" el="176" ec="9" bec="0" bev="0" fileid="2" />
                <SequencePoint vc="5" uspid="882" ordinal="0" offset="15" sl="177" sc="9" el="177" ec="9" bec="0" bev="0" fileid="2" />
                <SequencePoint vc="5" uspid="883" ordinal="0" offset="36" sl="178" sc="9" el="178" ec="9" bec="0" bev="0" fileid="2" />
                <SequencePoint vc="5" uspid="884" ordinal="0" offset="40" sl="179" sc="5" el="179" ec="5" bec="0" bev="0" fileid="2" />
              </SequencePoints>
              <BranchPoints />
            </Method>
            <Method visited="true" cyclomaticComplexity="0" nPathComplexity="0" sequenceCoverage="100.0" branchCoverage="0" crapScore="0" isConstructor="false" isStatic="false" isGetter="false" isSetter="false">
              <Summary numSequencePoints="4" visitedSequencePoints="4" numBranchPoints="0" visitedBranchPoints="0" sequenceCoverage="100.0" branchCoverage="0" maxCyclomaticComplexity="0" minCyclomaticComplexity="0" maxCrapScore="0" minCrapScore="0" visitedClasses="0" numClasses="0" visitedMethods="1" numMethods="1" />
              <MetadataToken>100663335</MetadataToken>
              <Name>System.Void XRJoystick::ApplyRotation(UnityEngine.Vector3)</Name>
              <FileRef uid="2" />
              <SequencePoints>
                <SequencePoint vc="3" uspid="885" ordinal="0" offset="0" sl="182" sc="5" el="182" ec="5" bec="0" bev="0" fileid="2" />
                <SequencePoint vc="3" uspid="886" ordinal="0" offset="1" sl="183" sc="9" el="183" ec="9" bec="0" bev="0" fileid="2" />
                <SequencePoint vc="3" uspid="887" ordinal="0" offset="17" sl="184" sc="9" el="184" ec="9" bec="0" bev="0" fileid="2" />
                <SequencePoint vc="3" uspid="888" ordinal="0" offset="35" sl="185" sc="5" el="185" ec="5" bec="0" bev="0" fileid="2" />
              </SequencePoints>
              <BranchPoints />
            </Method>
            <Method visited="true" cyclomaticComplexity="0" nPathComplexity="0" sequenceCoverage="100.0" branchCoverage="0" crapScore="0" isConstructor="false" isStatic="false" isGetter="false" isSetter="false">
              <Summary numSequencePoints="5" visitedSequencePoints="5" numBranchPoints="0" visitedBranchPoints="0" sequenceCoverage="100.0" branchCoverage="0" maxCyclomaticComplexity="0" minCyclomaticComplexity="0" maxCrapScore="0" minCrapScore="0" visitedClasses="0" numClasses="0" visitedMethods="1" numMethods="1" />
              <MetadataToken>100663336</MetadataToken>
              <Name>System.Void XRJoystick::SetValue(UnityEngine.Vector3)</Name>
              <FileRef uid="2" />
              <SequencePoints>
                <SequencePoint vc="6" uspid="889" ordinal="0" offset="0" sl="188" sc="5" el="188" ec="5" bec="0" bev="0" fileid="2" />
                <SequencePoint vc="6" uspid="890" ordinal="0" offset="1" sl="189" sc="9" el="189" ec="9" bec="0" bev="0" fileid="2" />
                <SequencePoint vc="6" uspid="891" ordinal="0" offset="15" sl="190" sc="9" el="190" ec="9" bec="0" bev="0" fileid="2" />
                <SequencePoint vc="6" uspid="892" ordinal="0" offset="38" sl="191" sc="9" el="191" ec="9" bec="0" bev="0" fileid="2" />
                <SequencePoint vc="6" uspid="893" ordinal="0" offset="61" sl="192" sc="5" el="192" ec="5" bec="0" bev="0" fileid="2" />
              </SequencePoints>
              <BranchPoints />
            </Method>
            <Method visited="true" cyclomaticComplexity="0" nPathComplexity="0" sequenceCoverage="100.0" branchCoverage="0" crapScore="0" isConstructor="false" isStatic="false" isGetter="false" isSetter="false">
              <Summary numSequencePoints="6" visitedSequencePoints="6" numBranchPoints="0" visitedBranchPoints="0" sequenceCoverage="100.0" branchCoverage="0" maxCyclomaticComplexity="0" minCyclomaticComplexity="0" maxCrapScore="0" minCrapScore="0" visitedClasses="0" numClasses="0" visitedMethods="1" numMethods="1" />
              <MetadataToken>100663337</MetadataToken>
              <Name>UnityEngine.Vector2 XRJoystick::CalculateValue(UnityEngine.Vector3)</Name>
              <FileRef uid="2" />
              <SequencePoints>
                <SequencePoint vc="6" uspid="894" ordinal="0" offset="0" sl="195" sc="5" el="195" ec="5" bec="0" bev="0" fileid="2" />
                <SequencePoint vc="6" uspid="895" ordinal="0" offset="1" sl="196" sc="9" el="196" ec="9" bec="0" bev="0" fileid="2" />
                <SequencePoint vc="6" uspid="896" ordinal="0" offset="7" sl="197" sc="9" el="197" ec="9" bec="0" bev="0" fileid="2" />
                <SequencePoint vc="6" uspid="897" ordinal="0" offset="26" sl="198" sc="9" el="198" ec="9" bec="0" bev="0" fileid="2" />
                <SequencePoint vc="6" uspid="898" ordinal="0" offset="45" sl="199" sc="9" el="199" ec="9" bec="0" bev="0" fileid="2" />
                <SequencePoint vc="6" uspid="899" ordinal="0" offset="49" sl="200" sc="5" el="200" ec="5" bec="0" bev="0" fileid="2" />
              </SequencePoints>
              <BranchPoints />
            </Method>
            <Method visited="true" cyclomaticComplexity="0" nPathComplexity="0" sequenceCoverage="100.0" branchCoverage="0" crapScore="0" isConstructor="false" isStatic="false" isGetter="false" isSetter="false">
              <Summary numSequencePoints="5" visitedSequencePoints="5" numBranchPoints="0" visitedBranchPoints="0" sequenceCoverage="100.0" branchCoverage="0" maxCyclomaticComplexity="0" minCyclomaticComplexity="0" maxCrapScore="0" minCrapScore="0" visitedClasses="0" numClasses="0" visitedMethods="1" numMethods="1" />
              <MetadataToken>100663338</MetadataToken>
              <Name>System.Single XRJoystick::Normalize(System.Single)</Name>
              <FileRef uid="2" />
              <SequencePoints>
                <SequencePoint vc="12" uspid="900" ordinal="0" offset="0" sl="203" sc="5" el="203" ec="5" bec="0" bev="0" fileid="2" />
                <SequencePoint vc="12" uspid="901" ordinal="0" offset="1" sl="204" sc="9" el="204" ec="9" bec="0" bev="0" fileid="2" />
                <SequencePoint vc="12" uspid="902" ordinal="0" offset="23" sl="205" sc="9" el="205" ec="9" bec="0" bev="0" fileid="2" />
                <SequencePoint vc="12" uspid="903" ordinal="0" offset="41" sl="206" sc="9" el="206" ec="9" bec="0" bev="0" fileid="2" />
                <SequencePoint vc="12" uspid="904" ordinal="0" offset="45" sl="207" sc="5" el="207" ec="5" bec="0" bev="0" fileid="2" />
              </SequencePoints>
              <BranchPoints />
            </Method>
            <Method visited="true" cyclomaticComplexity="0" nPathComplexity="0" sequenceCoverage="100.0" branchCoverage="0" crapScore="0" isConstructor="true" isStatic="false" isGetter="false" isSetter="false">
              <Summary numSequencePoints="10" visitedSequencePoints="10" numBranchPoints="0" visitedBranchPoints="0" sequenceCoverage="100.0" branchCoverage="0" maxCyclomaticComplexity="0" minCyclomaticComplexity="0" maxCrapScore="0" minCrapScore="0" visitedClasses="0" numClasses="0" visitedMethods="1" numMethods="1" />
              <MetadataToken>100663339</MetadataToken>
              <Name>XRJoystick::XRJoystick()</Name>
              <FileRef uid="2" />
              <SequencePoints>
                <SequencePoint vc="2" uspid="905" ordinal="0" offset="0" sl="69" sc="5" el="69" ec="5" bec="0" bev="0" fileid="2" />
                <SequencePoint vc="2" uspid="906" ordinal="0" offset="11" sl="72" sc="5" el="72" ec="5" bec="0" bev="0" fileid="2" />
                <SequencePoint vc="2" uspid="907" ordinal="0" offset="18" sl="75" sc="5" el="75" ec="5" bec="0" bev="0" fileid="2" />
                <SequencePoint vc="2" uspid="908" ordinal="0" offset="25" sl="80" sc="5" el="80" ec="5" bec="0" bev="0" fileid="2" />
                <SequencePoint vc="2" uspid="909" ordinal="0" offset="36" sl="83" sc="5" el="83" ec="5" bec="0" bev="0" fileid="2" />
                <SequencePoint vc="2" uspid="910" ordinal="0" offset="47" sl="85" sc="50" el="85" ec="50" bec="0" bev="0" fileid="2" />
                <SequencePoint vc="2" uspid="911" ordinal="0" offset="58" sl="89" sc="5" el="89" ec="5" bec="0" bev="0" fileid="2" />
                <SequencePoint vc="2" uspid="912" ordinal="0" offset="65" sl="91" sc="5" el="91" ec="5" bec="0" bev="0" fileid="2" />
                <SequencePoint vc="2" uspid="913" ordinal="0" offset="76" sl="93" sc="5" el="93" ec="5" bec="0" bev="0" fileid="2" />
                <SequencePoint vc="2" uspid="914" ordinal="0" offset="84" sl="94" sc="5" el="94" ec="5" bec="0" bev="0" fileid="2" />
              </SequencePoints>
              <BranchPoints />
            </Method>
          </Methods>
        </Class>
        <Class>
          <Summary numSequencePoints="66" visitedSequencePoints="60" numBranchPoints="0" visitedBranchPoints="0" sequenceCoverage="90.91" branchCoverage="0.0" maxCyclomaticComplexity="0" minCyclomaticComplexity="0" maxCrapScore="0" minCrapScore="0" visitedClasses="1" numClasses="1" visitedMethods="14" numMethods="14" />
          <FullName>XRKnob</FullName>
          <Methods>
            <Method visited="true" cyclomaticComplexity="0" nPathComplexity="0" sequenceCoverage="100.0" branchCoverage="0" crapScore="0" isConstructor="false" isStatic="false" isGetter="true" isSetter="false">
              <Summary numSequencePoints="1" visitedSequencePoints="1" numBranchPoints="0" visitedBranchPoints="0" sequenceCoverage="100.0" branchCoverage="0" maxCyclomaticComplexity="0" minCyclomaticComplexity="0" maxCrapScore="0" minCrapScore="0" visitedClasses="0" numClasses="0" visitedMethods="1" numMethods="1" />
              <MetadataToken>100663348</MetadataToken>
              <Name>System.Single XRKnob::get_Value()</Name>
              <FileRef uid="3" />
              <SequencePoints>
                <SequencePoint vc="3" uspid="915" ordinal="0" offset="0" sl="82" sc="26" el="82" ec="26" bec="0" bev="0" fileid="3" />
              </SequencePoints>
              <BranchPoints />
            </Method>
            <Method visited="true" cyclomaticComplexity="0" nPathComplexity="0" sequenceCoverage="100.0" branchCoverage="0" crapScore="0" isConstructor="false" isStatic="false" isGetter="false" isSetter="true">
              <Summary numSequencePoints="1" visitedSequencePoints="1" numBranchPoints="0" visitedBranchPoints="0" sequenceCoverage="100.0" branchCoverage="0" maxCyclomaticComplexity="0" minCyclomaticComplexity="0" maxCrapScore="0" minCrapScore="0" visitedClasses="0" numClasses="0" visitedMethods="1" numMethods="1" />
              <MetadataToken>100663349</MetadataToken>
              <Name>System.Void XRKnob::set_Value(System.Single)</Name>
              <FileRef uid="3" />
              <SequencePoints>
                <SequencePoint vc="3" uspid="916" ordinal="0" offset="0" sl="82" sc="31" el="82" ec="31" bec="0" bev="0" fileid="3" />
              </SequencePoints>
              <BranchPoints />
            </Method>
            <Method visited="true" cyclomaticComplexity="0" nPathComplexity="0" sequenceCoverage="100.0" branchCoverage="0" crapScore="0" isConstructor="false" isStatic="false" isGetter="true" isSetter="false">
              <Summary numSequencePoints="1" visitedSequencePoints="1" numBranchPoints="0" visitedBranchPoints="0" sequenceCoverage="100.0" branchCoverage="0" maxCyclomaticComplexity="0" minCyclomaticComplexity="0" maxCrapScore="0" minCrapScore="0" visitedClasses="0" numClasses="0" visitedMethods="1" numMethods="1" />
              <MetadataToken>100663350</MetadataToken>
              <Name>System.Single XRKnob::get_Angle()</Name>
              <FileRef uid="3" />
              <SequencePoints>
                <SequencePoint vc="2" uspid="917" ordinal="0" offset="0" sl="83" sc="26" el="83" ec="26" bec="0" bev="0" fileid="3" />
              </SequencePoints>
              <BranchPoints />
            </Method>
            <Method visited="true" cyclomaticComplexity="0" nPathComplexity="0" sequenceCoverage="100.0" branchCoverage="0" crapScore="0" isConstructor="false" isStatic="false" isGetter="false" isSetter="true">
              <Summary numSequencePoints="1" visitedSequencePoints="1" numBranchPoints="0" visitedBranchPoints="0" sequenceCoverage="100.0" branchCoverage="0" maxCyclomaticComplexity="0" minCyclomaticComplexity="0" maxCrapScore="0" minCrapScore="0" visitedClasses="0" numClasses="0" visitedMethods="1" numMethods="1" />
              <MetadataToken>100663351</MetadataToken>
              <Name>System.Void XRKnob::set_Angle(System.Single)</Name>
              <FileRef uid="3" />
              <SequencePoints>
                <SequencePoint vc="2" uspid="918" ordinal="0" offset="0" sl="83" sc="31" el="83" ec="31" bec="0" bev="0" fileid="3" />
              </SequencePoints>
              <BranchPoints />
            </Method>
            <Method visited="true" cyclomaticComplexity="0" nPathComplexity="0" sequenceCoverage="100.0" branchCoverage="0" crapScore="0" isConstructor="false" isStatic="false" isGetter="false" isSetter="false">
              <Summary numSequencePoints="5" visitedSequencePoints="5" numBranchPoints="0" visitedBranchPoints="0" sequenceCoverage="100.0" branchCoverage="0" maxCyclomaticComplexity="0" minCyclomaticComplexity="0" maxCrapScore="0" minCrapScore="0" visitedClasses="0" numClasses="0" visitedMethods="1" numMethods="1" />
              <MetadataToken>100663352</MetadataToken>
              <Name>System.Void XRKnob::Start()</Name>
              <FileRef uid="3" />
              <SequencePoints>
                <SequencePoint vc="1" uspid="919" ordinal="0" offset="0" sl="89" sc="5" el="89" ec="5" bec="0" bev="0" fileid="3" />
                <SequencePoint vc="1" uspid="920" ordinal="0" offset="1" sl="90" sc="9" el="90" ec="9" bec="0" bev="0" fileid="3" />
                <SequencePoint vc="1" uspid="921" ordinal="0" offset="25" sl="91" sc="9" el="91" ec="9" bec="0" bev="0" fileid="3" />
                <SequencePoint vc="1" uspid="922" ordinal="0" offset="33" sl="92" sc="9" el="92" ec="9" bec="0" bev="0" fileid="3" />
                <SequencePoint vc="1" uspid="923" ordinal="0" offset="41" sl="93" sc="5" el="93" ec="5" bec="0" bev="0" fileid="3" />
              </SequencePoints>
              <BranchPoints />
            </Method>
            <Method visited="true" cyclomaticComplexity="0" nPathComplexity="0" sequenceCoverage="100.0" branchCoverage="0" crapScore="0" isConstructor="false" isStatic="false" isGetter="false" isSetter="false">
              <Summary numSequencePoints="5" visitedSequencePoints="5" numBranchPoints="0" visitedBranchPoints="0" sequenceCoverage="100.0" branchCoverage="0" maxCyclomaticComplexity="0" minCyclomaticComplexity="0" maxCrapScore="0" minCrapScore="0" visitedClasses="0" numClasses="0" visitedMethods="1" numMethods="1" />
              <MetadataToken>100663353</MetadataToken>
              <Name>System.Void XRKnob::OnEnable()</Name>
              <FileRef uid="3" />
              <SequencePoints>
                <SequencePoint vc="1" uspid="924" ordinal="0" offset="0" sl="96" sc="5" el="96" ec="5" bec="0" bev="0" fileid="3" />
                <SequencePoint vc="1" uspid="925" ordinal="0" offset="1" sl="97" sc="9" el="97" ec="9" bec="0" bev="0" fileid="3" />
                <SequencePoint vc="1" uspid="926" ordinal="0" offset="8" sl="98" sc="9" el="98" ec="9" bec="0" bev="0" fileid="3" />
                <SequencePoint vc="1" uspid="927" ordinal="0" offset="32" sl="99" sc="9" el="99" ec="9" bec="0" bev="0" fileid="3" />
                <SequencePoint vc="1" uspid="928" ordinal="0" offset="56" sl="100" sc="5" el="100" ec="5" bec="0" bev="0" fileid="3" />
              </SequencePoints>
              <BranchPoints />
            </Method>
            <Method visited="true" cyclomaticComplexity="0" nPathComplexity="0" sequenceCoverage="100.0" branchCoverage="0" crapScore="0" isConstructor="false" isStatic="false" isGetter="false" isSetter="false">
              <Summary numSequencePoints="4" visitedSequencePoints="4" numBranchPoints="0" visitedBranchPoints="0" sequenceCoverage="100.0" branchCoverage="0" maxCyclomaticComplexity="0" minCyclomaticComplexity="0" maxCrapScore="0" minCrapScore="0" visitedClasses="0" numClasses="0" visitedMethods="1" numMethods="1" />
              <MetadataToken>100663355</MetadataToken>
              <Name>System.Void XRKnob::StartTurn(UnityEngine.XR.Interaction.Toolkit.SelectEnterEventArgs)</Name>
              <FileRef uid="3" />
              <SequencePoints>
                <SequencePoint vc="2" uspid="934" ordinal="0" offset="0" sl="110" sc="5" el="110" ec="5" bec="0" bev="0" fileid="3" />
                <SequencePoint vc="2" uspid="935" ordinal="0" offset="1" sl="111" sc="9" el="111" ec="9" bec="0" bev="0" fileid="3" />
                <SequencePoint vc="2" uspid="936" ordinal="0" offset="13" sl="112" sc="9" el="112" ec="9" bec="0" bev="0" fileid="3" />
                <SequencePoint vc="2" uspid="937" ordinal="0" offset="35" sl="113" sc="5" el="113" ec="5" bec="0" bev="0" fileid="3" />
              </SequencePoints>
              <BranchPoints />
            </Method>
            <Method visited="true" cyclomaticComplexity="0" nPathComplexity="0" sequenceCoverage="100.0" branchCoverage="0" crapScore="0" isConstructor="false" isStatic="false" isGetter="false" isSetter="false">
              <Summary numSequencePoints="4" visitedSequencePoints="4" numBranchPoints="0" visitedBranchPoints="0" sequenceCoverage="100.0" branchCoverage="0" maxCyclomaticComplexity="0" minCyclomaticComplexity="0" maxCrapScore="0" minCrapScore="0" visitedClasses="0" numClasses="0" visitedMethods="1" numMethods="1" />
              <MetadataToken>100663356</MetadataToken>
              <Name>System.Void XRKnob::EndTurn(UnityEngine.XR.Interaction.Toolkit.SelectExitEventArgs)</Name>
              <FileRef uid="3" />
              <SequencePoints>
                <SequencePoint vc="2" uspid="938" ordinal="0" offset="0" sl="116" sc="5" el="116" ec="5" bec="0" bev="0" fileid="3" />
                <SequencePoint vc="2" uspid="939" ordinal="0" offset="1" sl="117" sc="9" el="117" ec="9" bec="0" bev="0" fileid="3" />
                <SequencePoint vc="2" uspid="940" ordinal="0" offset="8" sl="118" sc="9" el="118" ec="9" bec="0" bev="0" fileid="3" />
                <SequencePoint vc="2" uspid="941" ordinal="0" offset="19" sl="119" sc="5" el="119" ec="5" bec="0" bev="0" fileid="3" />
              </SequencePoints>
              <BranchPoints />
            </Method>
            <Method visited="true" cyclomaticComplexity="0" nPathComplexity="0" sequenceCoverage="53.85" branchCoverage="0" crapScore="0" isConstructor="false" isStatic="false" isGetter="false" isSetter="false">
              <Summary numSequencePoints="13" visitedSequencePoints="7" numBranchPoints="0" visitedBranchPoints="0" sequenceCoverage="53.85" branchCoverage="0" maxCyclomaticComplexity="0" minCyclomaticComplexity="0" maxCrapScore="0" minCrapScore="0" visitedClasses="0" numClasses="0" visitedMethods="1" numMethods="1" />
              <MetadataToken>100663357</MetadataToken>
              <Name>System.Void XRKnob::ProcessInteractable(UnityEngine.XR.Interaction.Toolkit.XRInteractionUpdateOrder/UpdatePhase)</Name>
              <FileRef uid="3" />
              <SequencePoints>
                <SequencePoint vc="12267" uspid="942" ordinal="0" offset="0" sl="122" sc="5" el="122" ec="5" bec="0" bev="0" fileid="3" />
                <SequencePoint vc="12267" uspid="943" ordinal="0" offset="1" sl="123" sc="9" el="123" ec="9" bec="0" bev="0" fileid="3" />
                <SequencePoint vc="12267" uspid="944" ordinal="0" offset="9" sl="125" sc="9" el="125" ec="9" bec="0" bev="0" fileid="3" />
                <SequencePoint vc="3556" uspid="945" ordinal="0" offset="17" sl="126" sc="9" el="126" ec="9" bec="0" bev="0" fileid="3" />
                <SequencePoint vc="3556" uspid="946" ordinal="0" offset="18" sl="127" sc="13" el="127" ec="13" bec="0" bev="0" fileid="3" />
                <SequencePoint vc="0" uspid="947" ordinal="0" offset="28" sl="128" sc="13" el="128" ec="13" bec="0" bev="0" fileid="3" />
                <SequencePoint vc="0" uspid="948" ordinal="0" offset="29" sl="129" sc="17" el="129" ec="17" bec="0" bev="0" fileid="3" />
                <SequencePoint vc="0" uspid="949" ordinal="0" offset="42" sl="130" sc="17" el="130" ec="17" bec="0" bev="0" fileid="3" />
                <SequencePoint vc="0" uspid="950" ordinal="0" offset="55" sl="132" sc="17" el="132" ec="17" bec="0" bev="0" fileid="3" />
                <SequencePoint vc="0" uspid="951" ordinal="0" offset="63" sl="133" sc="17" el="133" ec="17" bec="0" bev="0" fileid="3" />
                <SequencePoint vc="0" uspid="952" ordinal="0" offset="85" sl="134" sc="13" el="134" ec="13" bec="0" bev="0" fileid="3" />
                <SequencePoint vc="3556" uspid="953" ordinal="0" offset="86" sl="135" sc="9" el="135" ec="9" bec="0" bev="0" fileid="3" />
                <SequencePoint vc="12267" uspid="954" ordinal="0" offset="87" sl="136" sc="5" el="136" ec="5" bec="0" bev="0" fileid="3" />
              </SequencePoints>
              <BranchPoints />
            </Method>
            <Method visited="true" cyclomaticComplexity="0" nPathComplexity="0" sequenceCoverage="100.0" branchCoverage="0" crapScore="0" isConstructor="false" isStatic="false" isGetter="false" isSetter="false">
              <Summary numSequencePoints="5" visitedSequencePoints="5" numBranchPoints="0" visitedBranchPoints="0" sequenceCoverage="100.0" branchCoverage="0" maxCyclomaticComplexity="0" minCyclomaticComplexity="0" maxCrapScore="0" minCrapScore="0" visitedClasses="0" numClasses="0" visitedMethods="1" numMethods="1" />
              <MetadataToken>100663358</MetadataToken>
              <Name>System.Single XRKnob::FindRotationValue()</Name>
              <FileRef uid="3" />
              <SequencePoints>
                <SequencePoint vc="2" uspid="955" ordinal="0" offset="0" sl="139" sc="5" el="139" ec="5" bec="0" bev="0" fileid="3" />
                <SequencePoint vc="2" uspid="956" ordinal="0" offset="1" sl="140" sc="9" el="140" ec="9" bec="0" bev="0" fileid="3" />
                <SequencePoint vc="2" uspid="957" ordinal="0" offset="34" sl="141" sc="9" el="141" ec="9" bec="0" bev="0" fileid="3" />
                <SequencePoint vc="2" uspid="958" ordinal="0" offset="52" sl="142" sc="9" el="142" ec="9" bec="0" bev="0" fileid="3" />
                <SequencePoint vc="2" uspid="959" ordinal="0" offset="83" sl="143" sc="5" el="143" ec="5" bec="0" bev="0" fileid="3" />
              </SequencePoints>
              <BranchPoints />
            </Method>
            <Method visited="true" cyclomaticComplexity="0" nPathComplexity="0" sequenceCoverage="100.0" branchCoverage="0" crapScore="0" isConstructor="false" isStatic="false" isGetter="false" isSetter="false">
              <Summary numSequencePoints="8" visitedSequencePoints="8" numBranchPoints="0" visitedBranchPoints="0" sequenceCoverage="100.0" branchCoverage="0" maxCyclomaticComplexity="0" minCyclomaticComplexity="0" maxCrapScore="0" minCrapScore="0" visitedClasses="0" numClasses="0" visitedMethods="1" numMethods="1" />
              <MetadataToken>100663359</MetadataToken>
              <Name>System.Single XRKnob::ApplyRotation(System.Single)</Name>
              <FileRef uid="3" />
              <SequencePoints>
                <SequencePoint vc="3" uspid="960" ordinal="0" offset="0" sl="146" sc="5" el="146" ec="5" bec="0" bev="0" fileid="3" />
                <SequencePoint vc="3" uspid="961" ordinal="0" offset="1" sl="147" sc="9" el="147" ec="9" bec="0" bev="0" fileid="3" />
                <SequencePoint vc="3" uspid="962" ordinal="0" offset="13" sl="148" sc="9" el="148" ec="9" bec="0" bev="0" fileid="3" />
                <SequencePoint vc="3" uspid="963" ordinal="0" offset="31" sl="150" sc="9" el="150" ec="9" bec="0" bev="0" fileid="3" />
                <SequencePoint vc="3" uspid="964" ordinal="0" offset="39" sl="151" sc="9" el="151" ec="9" bec="0" bev="0" fileid="3" />
                <SequencePoint vc="3" uspid="965" ordinal="0" offset="58" sl="153" sc="9" el="153" ec="9" bec="0" bev="0" fileid="3" />
                <SequencePoint vc="3" uspid="966" ordinal="0" offset="71" sl="154" sc="9" el="154" ec="9" bec="0" bev="0" fileid="3" />
                <SequencePoint vc="3" uspid="967" ordinal="0" offset="80" sl="155" sc="5" el="155" ec="5" bec="0" bev="0" fileid="3" />
              </SequencePoints>
              <BranchPoints />
            </Method>
            <Method visited="true" cyclomaticComplexity="0" nPathComplexity="0" sequenceCoverage="100.0" branchCoverage="0" crapScore="0" isConstructor="false" isStatic="false" isGetter="false" isSetter="false">
              <Summary numSequencePoints="5" visitedSequencePoints="5" numBranchPoints="0" visitedBranchPoints="0" sequenceCoverage="100.0" branchCoverage="0" maxCyclomaticComplexity="0" minCyclomaticComplexity="0" maxCrapScore="0" minCrapScore="0" visitedClasses="0" numClasses="0" visitedMethods="1" numMethods="1" />
              <MetadataToken>100663360</MetadataToken>
              <Name>System.Single XRKnob::ClampAngle(System.Single)</Name>
              <FileRef uid="3" />
              <SequencePoints>
                <SequencePoint vc="3" uspid="968" ordinal="0" offset="0" sl="158" sc="5" el="158" ec="5" bec="0" bev="0" fileid="3" />
                <SequencePoint vc="3" uspid="969" ordinal="0" offset="1" sl="159" sc="9" el="159" ec="9" bec="0" bev="0" fileid="3" />
                <SequencePoint vc="3" uspid="970" ordinal="0" offset="13" sl="160" sc="13" el="160" ec="13" bec="0" bev="0" fileid="3" />
                <SequencePoint vc="3" uspid="971" ordinal="0" offset="22" sl="162" sc="9" el="162" ec="9" bec="0" bev="0" fileid="3" />
                <SequencePoint vc="3" uspid="972" ordinal="0" offset="43" sl="163" sc="5" el="163" ec="5" bec="0" bev="0" fileid="3" />
              </SequencePoints>
              <BranchPoints />
            </Method>
            <Method visited="true" cyclomaticComplexity="0" nPathComplexity="0" sequenceCoverage="100.0" branchCoverage="0" crapScore="0" isConstructor="false" isStatic="false" isGetter="false" isSetter="false">
              <Summary numSequencePoints="4" visitedSequencePoints="4" numBranchPoints="0" visitedBranchPoints="0" sequenceCoverage="100.0" branchCoverage="0" maxCyclomaticComplexity="0" minCyclomaticComplexity="0" maxCrapScore="0" minCrapScore="0" visitedClasses="0" numClasses="0" visitedMethods="1" numMethods="1" />
              <MetadataToken>100663361</MetadataToken>
              <Name>System.Void XRKnob::SetValue(System.Single)</Name>
              <FileRef uid="3" />
              <SequencePoints>
                <SequencePoint vc="3" uspid="973" ordinal="0" offset="0" sl="166" sc="5" el="166" ec="5" bec="0" bev="0" fileid="3" />
                <SequencePoint vc="3" uspid="974" ordinal="0" offset="1" sl="167" sc="9" el="167" ec="9" bec="0" bev="0" fileid="3" />
                <SequencePoint vc="3" uspid="975" ordinal="0" offset="26" sl="168" sc="9" el="168" ec="9" bec="0" bev="0" fileid="3" />
                <SequencePoint vc="3" uspid="976" ordinal="0" offset="44" sl="169" sc="5" el="169" ec="5" bec="0" bev="0" fileid="3" />
              </SequencePoints>
              <BranchPoints />
            </Method>
            <Method visited="true" cyclomaticComplexity="0" nPathComplexity="0" sequenceCoverage="100.0" branchCoverage="0" crapScore="0" isConstructor="true" isStatic="false" isGetter="false" isSetter="false">
              <Summary numSequencePoints="9" visitedSequencePoints="9" numBranchPoints="0" visitedBranchPoints="0" sequenceCoverage="100.0" branchCoverage="0" maxCyclomaticComplexity="0" minCyclomaticComplexity="0" maxCrapScore="0" minCrapScore="0" visitedClasses="0" numClasses="0" visitedMethods="1" numMethods="1" />
              <MetadataToken>100663362</MetadataToken>
              <Name>XRKnob::XRKnob()</Name>
              <FileRef uid="3" />
              <SequencePoints>
                <SequencePoint vc="1" uspid="977" ordinal="0" offset="0" sl="66" sc="5" el="66" ec="5" bec="0" bev="0" fileid="3" />
                <SequencePoint vc="1" uspid="978" ordinal="0" offset="7" sl="69" sc="22" el="69" ec="22" bec="0" bev="0" fileid="3" />
                <SequencePoint vc="1" uspid="979" ordinal="0" offset="18" sl="72" sc="21" el="72" ec="21" bec="0" bev="0" fileid="3" />
                <SequencePoint vc="1" uspid="980" ordinal="0" offset="29" sl="75" sc="19" el="75" ec="19" bec="0" bev="0" fileid="3" />
                <SequencePoint vc="1" uspid="981" ordinal="0" offset="40" sl="80" sc="5" el="80" ec="5" bec="0" bev="0" fileid="3" />
                <SequencePoint vc="1" uspid="982" ordinal="0" offset="51" sl="82" sc="48" el="82" ec="48" bec="0" bev="0" fileid="3" />
                <SequencePoint vc="1" uspid="983" ordinal="0" offset="62" sl="83" sc="48" el="83" ec="48" bec="0" bev="0" fileid="3" />
                <SequencePoint vc="1" uspid="984" ordinal="0" offset="73" sl="85" sc="5" el="85" ec="5" bec="0" bev="0" fileid="3" />
                <SequencePoint vc="1" uspid="985" ordinal="0" offset="80" sl="86" sc="5" el="86" ec="5" bec="0" bev="0" fileid="3" />
              </SequencePoints>
              <BranchPoints />
            </Method>
          </Methods>
        </Class>
        <Class>
          <Summary numSequencePoints="42" visitedSequencePoints="35" numBranchPoints="0" visitedBranchPoints="0" sequenceCoverage="83.33" branchCoverage="0.0" maxCyclomaticComplexity="0" minCyclomaticComplexity="0" maxCrapScore="0" minCrapScore="0" visitedClasses="1" numClasses="1" visitedMethods="8" numMethods="8" />
          <FullName>XRLever</FullName>
          <Methods>
            <Method visited="true" cyclomaticComplexity="0" nPathComplexity="0" sequenceCoverage="100.0" branchCoverage="0" crapScore="0" isConstructor="false" isStatic="false" isGetter="true" isSetter="false">
              <Summary numSequencePoints="1" visitedSequencePoints="1" numBranchPoints="0" visitedBranchPoints="0" sequenceCoverage="100.0" branchCoverage="0" maxCyclomaticComplexity="0" minCyclomaticComplexity="0" maxCrapScore="0" minCrapScore="0" visitedClasses="0" numClasses="0" visitedMethods="1" numMethods="1" />
              <MetadataToken>100663368</MetadataToken>
              <Name>System.Boolean XRLever::get_Value()</Name>
              <FileRef uid="4" />
              <SequencePoints>
                <SequencePoint vc="1" uspid="986" ordinal="0" offset="0" sl="65" sc="25" el="65" ec="25" bec="0" bev="0" fileid="4" />
              </SequencePoints>
              <BranchPoints />
            </Method>
            <Method visited="true" cyclomaticComplexity="0" nPathComplexity="0" sequenceCoverage="100.0" branchCoverage="0" crapScore="0" isConstructor="false" isStatic="false" isGetter="false" isSetter="true">
              <Summary numSequencePoints="1" visitedSequencePoints="1" numBranchPoints="0" visitedBranchPoints="0" sequenceCoverage="100.0" branchCoverage="0" maxCyclomaticComplexity="0" minCyclomaticComplexity="0" maxCrapScore="0" minCrapScore="0" visitedClasses="0" numClasses="0" visitedMethods="1" numMethods="1" />
              <MetadataToken>100663369</MetadataToken>
              <Name>System.Void XRLever::set_Value(System.Boolean)</Name>
              <FileRef uid="4" />
              <SequencePoints>
                <SequencePoint vc="1" uspid="987" ordinal="0" offset="0" sl="65" sc="30" el="65" ec="30" bec="0" bev="0" fileid="4" />
              </SequencePoints>
              <BranchPoints />
            </Method>
            <Method visited="true" cyclomaticComplexity="0" nPathComplexity="0" sequenceCoverage="100.0" branchCoverage="0" crapScore="0" isConstructor="false" isStatic="false" isGetter="false" isSetter="false">
              <Summary numSequencePoints="4" visitedSequencePoints="4" numBranchPoints="0" visitedBranchPoints="0" sequenceCoverage="100.0" branchCoverage="0" maxCyclomaticComplexity="0" minCyclomaticComplexity="0" maxCrapScore="0" minCrapScore="0" visitedClasses="0" numClasses="0" visitedMethods="1" numMethods="1" />
              <MetadataToken>100663370</MetadataToken>
              <Name>System.Void XRLever::Start()</Name>
              <FileRef uid="4" />
              <SequencePoints>
                <SequencePoint vc="1" uspid="988" ordinal="0" offset="0" sl="70" sc="5" el="70" ec="5" bec="0" bev="0" fileid="4" />
                <SequencePoint vc="1" uspid="989" ordinal="0" offset="1" sl="71" sc="9" el="71" ec="9" bec="0" bev="0" fileid="4" />
                <SequencePoint vc="1" uspid="990" ordinal="0" offset="14" sl="72" sc="9" el="72" ec="9" bec="0" bev="0" fileid="4" />
                <SequencePoint vc="1" uspid="991" ordinal="0" offset="27" sl="73" sc="5" el="73" ec="5" bec="0" bev="0" fileid="4" />
              </SequencePoints>
              <BranchPoints />
            </Method>
            <Method visited="true" cyclomaticComplexity="0" nPathComplexity="0" sequenceCoverage="100.0" branchCoverage="0" crapScore="0" isConstructor="false" isStatic="false" isGetter="false" isSetter="false">
              <Summary numSequencePoints="6" visitedSequencePoints="6" numBranchPoints="0" visitedBranchPoints="0" sequenceCoverage="100.0" branchCoverage="0" maxCyclomaticComplexity="0" minCyclomaticComplexity="0" maxCrapScore="0" minCrapScore="0" visitedClasses="0" numClasses="0" visitedMethods="1" numMethods="1" />
              <MetadataToken>100663371</MetadataToken>
              <Name>System.Void XRLever::OnEnable()</Name>
              <FileRef uid="4" />
              <SequencePoints>
                <SequencePoint vc="1" uspid="992" ordinal="0" offset="0" sl="76" sc="5" el="76" ec="5" bec="0" bev="0" fileid="4" />
                <SequencePoint vc="1" uspid="993" ordinal="0" offset="1" sl="77" sc="9" el="77" ec="9" bec="0" bev="0" fileid="4" />
                <SequencePoint vc="1" uspid="994" ordinal="0" offset="8" sl="78" sc="9" el="78" ec="9" bec="0" bev="0" fileid="4" />
                <SequencePoint vc="1" uspid="995" ordinal="0" offset="32" sl="79" sc="9" el="79" ec="9" bec="0" bev="0" fileid="4" />
                <SequencePoint vc="1" uspid="996" ordinal="0" offset="56" sl="80" sc="9" el="80" ec="9" bec="0" bev="0" fileid="4" />
                <SequencePoint vc="1" uspid="997" ordinal="0" offset="80" sl="81" sc="5" el="81" ec="5" bec="0" bev="0" fileid="4" />
              </SequencePoints>
              <BranchPoints />
            </Method>
            <Method visited="true" cyclomaticComplexity="0" nPathComplexity="0" sequenceCoverage="63.64" branchCoverage="0" crapScore="0" isConstructor="false" isStatic="false" isGetter="false" isSetter="false">
              <Summary numSequencePoints="11" visitedSequencePoints="7" numBranchPoints="0" visitedBranchPoints="0" sequenceCoverage="63.64" branchCoverage="0" maxCyclomaticComplexity="0" minCyclomaticComplexity="0" maxCrapScore="0" minCrapScore="0" visitedClasses="0" numClasses="0" visitedMethods="1" numMethods="1" />
              <MetadataToken>100663375</MetadataToken>
              <Name>System.Void XRLever::ProcessInteractable(UnityEngine.XR.Interaction.Toolkit.XRInteractionUpdateOrder/UpdatePhase)</Name>
              <FileRef uid="4" />
              <SequencePoints>
                <SequencePoint vc="12267" uspid="1010" ordinal="0" offset="0" sl="102" sc="5" el="102" ec="5" bec="0" bev="0" fileid="4" />
                <SequencePoint vc="12267" uspid="1011" ordinal="0" offset="1" sl="103" sc="9" el="103" ec="9" bec="0" bev="0" fileid="4" />
                <SequencePoint vc="12267" uspid="1012" ordinal="0" offset="9" sl="105" sc="9" el="105" ec="9" bec="0" bev="0" fileid="4" />
                <SequencePoint vc="3556" uspid="1013" ordinal="0" offset="17" sl="106" sc="9" el="106" ec="9" bec="0" bev="0" fileid="4" />
                <SequencePoint vc="3556" uspid="1014" ordinal="0" offset="18" sl="107" sc="13" el="107" ec="13" bec="0" bev="0" fileid="4" />
                <SequencePoint vc="0" uspid="1015" ordinal="0" offset="28" sl="108" sc="13" el="108" ec="13" bec="0" bev="0" fileid="4" />
                <SequencePoint vc="0" uspid="1016" ordinal="0" offset="29" sl="109" sc="17" el="109" ec="17" bec="0" bev="0" fileid="4" />
                <SequencePoint vc="0" uspid="1017" ordinal="0" offset="36" sl="110" sc="17" el="110" ec="17" bec="0" bev="0" fileid="4" />
                <SequencePoint vc="0" uspid="1018" ordinal="0" offset="60" sl="111" sc="13" el="111" ec="13" bec="0" bev="0" fileid="4" />
                <SequencePoint vc="3556" uspid="1019" ordinal="0" offset="61" sl="112" sc="9" el="112" ec="9" bec="0" bev="0" fileid="4" />
                <SequencePoint vc="12267" uspid="1020" ordinal="0" offset="62" sl="113" sc="5" el="113" ec="5" bec="0" bev="0" fileid="4" />
              </SequencePoints>
              <BranchPoints />
            </Method>
            <Method visited="true" cyclomaticComplexity="0" nPathComplexity="0" sequenceCoverage="100.0" branchCoverage="0" crapScore="0" isConstructor="false" isStatic="false" isGetter="false" isSetter="false">
              <Summary numSequencePoints="3" visitedSequencePoints="3" numBranchPoints="0" visitedBranchPoints="0" sequenceCoverage="100.0" branchCoverage="0" maxCyclomaticComplexity="0" minCyclomaticComplexity="0" maxCrapScore="0" minCrapScore="0" visitedClasses="0" numClasses="0" visitedMethods="1" numMethods="1" />
              <MetadataToken>100663379</MetadataToken>
              <Name>System.Void XRLever::FindSnapDirection(System.Boolean)</Name>
              <FileRef uid="4" />
              <SequencePoints>
                <SequencePoint vc="1" uspid="1038" ordinal="0" offset="0" sl="142" sc="5" el="142" ec="5" bec="0" bev="0" fileid="4" />
                <SequencePoint vc="1" uspid="1039" ordinal="0" offset="1" sl="143" sc="9" el="143" ec="9" bec="0" bev="0" fileid="4" />
                <SequencePoint vc="1" uspid="1040" ordinal="0" offset="45" sl="144" sc="5" el="144" ec="5" bec="0" bev="0" fileid="4" />
              </SequencePoints>
              <BranchPoints />
            </Method>
            <Method visited="true" cyclomaticComplexity="0" nPathComplexity="0" sequenceCoverage="70.00" branchCoverage="0" crapScore="0" isConstructor="false" isStatic="false" isGetter="false" isSetter="false">
              <Summary numSequencePoints="10" visitedSequencePoints="7" numBranchPoints="0" visitedBranchPoints="0" sequenceCoverage="70.00" branchCoverage="0" maxCyclomaticComplexity="0" minCyclomaticComplexity="0" maxCrapScore="0" minCrapScore="0" visitedClasses="0" numClasses="0" visitedMethods="1" numMethods="1" />
              <MetadataToken>100663380</MetadataToken>
              <Name>System.Void XRLever::SetValue(System.Boolean)</Name>
              <FileRef uid="4" />
              <SequencePoints>
                <SequencePoint vc="1" uspid="1041" ordinal="0" offset="0" sl="147" sc="5" el="147" ec="5" bec="0" bev="0" fileid="4" />
                <SequencePoint vc="1" uspid="1042" ordinal="0" offset="1" sl="148" sc="9" el="148" ec="9" bec="0" bev="0" fileid="4" />
                <SequencePoint vc="1" uspid="1043" ordinal="0" offset="9" sl="150" sc="9" el="150" ec="9" bec="0" bev="0" fileid="4" />
                <SequencePoint vc="1" uspid="1044" ordinal="0" offset="19" sl="151" sc="9" el="151" ec="9" bec="0" bev="0" fileid="4" />
                <SequencePoint vc="1" uspid="1045" ordinal="0" offset="20" sl="152" sc="13" el="152" ec="13" bec="0" bev="0" fileid="4" />
                <SequencePoint vc="1" uspid="1046" ordinal="0" offset="32" sl="153" sc="9" el="153" ec="9" bec="0" bev="0" fileid="4" />
                <SequencePoint vc="0" uspid="1047" ordinal="0" offset="35" sl="155" sc="9" el="155" ec="9" bec="0" bev="0" fileid="4" />
                <SequencePoint vc="0" uspid="1048" ordinal="0" offset="36" sl="156" sc="13" el="156" ec="13" bec="0" bev="0" fileid="4" />
                <SequencePoint vc="0" uspid="1049" ordinal="0" offset="48" sl="157" sc="9" el="157" ec="9" bec="0" bev="0" fileid="4" />
                <SequencePoint vc="1" uspid="1050" ordinal="0" offset="49" sl="158" sc="5" el="158" ec="5" bec="0" bev="0" fileid="4" />
              </SequencePoints>
              <BranchPoints />
            </Method>
            <Method visited="true" cyclomaticComplexity="0" nPathComplexity="0" sequenceCoverage="100.0" branchCoverage="0" crapScore="0" isConstructor="true" isStatic="false" isGetter="false" isSetter="false">
              <Summary numSequencePoints="6" visitedSequencePoints="6" numBranchPoints="0" visitedBranchPoints="0" sequenceCoverage="100.0" branchCoverage="0" maxCyclomaticComplexity="0" minCyclomaticComplexity="0" maxCrapScore="0" minCrapScore="0" visitedClasses="0" numClasses="0" visitedMethods="1" numMethods="1" />
              <MetadataToken>100663381</MetadataToken>
              <Name>XRLever::XRLever()</Name>
              <FileRef uid="4" />
              <SequencePoints>
                <SequencePoint vc="1" uspid="1051" ordinal="0" offset="0" sl="54" sc="5" el="54" ec="5" bec="0" bev="0" fileid="4" />
                <SequencePoint vc="1" uspid="1052" ordinal="0" offset="7" sl="57" sc="5" el="57" ec="5" bec="0" bev="0" fileid="4" />
                <SequencePoint vc="1" uspid="1053" ordinal="0" offset="14" sl="60" sc="5" el="60" ec="5" bec="0" bev="0" fileid="4" />
                <SequencePoint vc="1" uspid="1054" ordinal="0" offset="25" sl="63" sc="5" el="63" ec="5" bec="0" bev="0" fileid="4" />
                <SequencePoint vc="1" uspid="1055" ordinal="0" offset="36" sl="65" sc="47" el="65" ec="47" bec="0" bev="0" fileid="4" />
                <SequencePoint vc="1" uspid="1056" ordinal="0" offset="43" sl="67" sc="5" el="67" ec="5" bec="0" bev="0" fileid="4" />
              </SequencePoints>
              <BranchPoints />
            </Method>
          </Methods>
        </Class>
      </Classes>
    </Module>
  </Modules>
</CoverageSession>